Log and Directory are created
Starting Peer 1004
Common config file loaded
[2020/12/12 00:52:21]: Peer 1004 has the preferred neighbor
[2020/12/12 00:52:22]: Peer 1004 makes a connection to Peer 1001.
Connection refused
Sending not interested - no bitfield req
[2020/12/12 00:52:22]: Peer 1004 received the 'not interested' message from 1001
[2020/12/12 00:52:27]: Peer 1004 has the preferred neighbor
[2020/12/12 00:52:28]: Peer 1004 received the ‘have’ message from 1001 for the piece 32
[2020/12/12 00:52:28]: Peer 1004 received the ‘have’ message from 1001 for the piece 7
[2020/12/12 00:52:28]: Peer 1004 received the ‘have’ message from 1001 for the piece 18
[2020/12/12 00:52:28]: Peer 1004 received the ‘have’ message from 1001 for the piece 23
[2020/12/12 00:52:28]: Peer 1004 received the ‘have’ message from 1001 for the piece 31
[2020/12/12 00:52:28]: Peer 1004 received the ‘have’ message from 1001 for the piece 20
[2020/12/12 00:52:28]: Peer 1004 received the ‘have’ message from 1001 for the piece 66
[2020/12/12 00:52:28]: Peer 1004 received the ‘have’ message from 1001 for the piece 42
[2020/12/12 00:52:28]: Peer 1004 received the ‘have’ message from 1001 for the piece 10
[2020/12/12 00:52:28]: Peer 1004 received the ‘have’ message from 1001 for the piece 14
[2020/12/12 00:52:29]: Peer 1004 received the ‘have’ message from 1001 for the piece 4
[2020/12/12 00:52:29]: Peer 1004 received the ‘have’ message from 1001 for the piece 56
[2020/12/12 00:52:29]: Peer 1004 received the ‘have’ message from 1001 for the piece 12
[2020/12/12 00:52:29]: Peer 1004 received the ‘have’ message from 1001 for the piece 13
[2020/12/12 00:52:29]: Peer 1004 received the ‘have’ message from 1001 for the piece 40
[2020/12/12 00:52:29]: Peer 1004 received the ‘have’ message from 1001 for the piece 34
[2020/12/12 00:52:29]: Peer 1004 received the ‘have’ message from 1001 for the piece 19
[2020/12/12 00:52:29]: Peer 1004 received the ‘have’ message from 1001 for the piece 8
[2020/12/12 00:52:29]: Peer 1004 received the ‘have’ message from 1001 for the piece 64
[2020/12/12 00:52:29]: Peer 1004 received the ‘have’ message from 1001 for the piece 63
[2020/12/12 00:52:29]: Peer 1004 received the ‘have’ message from 1001 for the piece 46
[2020/12/12 00:52:29]: Peer 1004 received the ‘have’ message from 1001 for the piece 38
[2020/12/12 00:52:29]: Peer 1004 received the ‘have’ message from 1001 for the piece 9
[2020/12/12 00:52:29]: Peer 1004 received the ‘have’ message from 1001 for the piece 60
[2020/12/12 00:52:29]: Peer 1004 received the ‘have’ message from 1001 for the piece 2
[2020/12/12 00:52:29]: Peer 1004 received the ‘have’ message from 1001 for the piece 52
[2020/12/12 00:52:29]: Peer 1004 received the ‘have’ message from 1001 for the piece 26
[2020/12/12 00:52:29]: Peer 1004 received the ‘have’ message from 1001 for the piece 5
[2020/12/12 00:52:29]: Peer 1004 received the ‘have’ message from 1001 for the piece 58
[2020/12/12 00:52:30]: Peer 1004 received the ‘have’ message from 1001 for the piece 35
[2020/12/12 00:52:30]: Peer 1004 received the ‘have’ message from 1001 for the piece 62
[2020/12/12 00:52:30]: Peer 1004 received the ‘have’ message from 1001 for the piece 27
[2020/12/12 00:52:30]: Peer 1004 received the ‘have’ message from 1001 for the piece 37
[2020/12/12 00:52:30]: Peer 1004 received the ‘have’ message from 1001 for the piece 21
[2020/12/12 00:52:30]: Peer 1004 received the ‘have’ message from 1001 for the piece 57
[2020/12/12 00:52:30]: Peer 1004 received the ‘have’ message from 1001 for the piece 59
[2020/12/12 00:52:30]: Peer 1004 received the ‘have’ message from 1001 for the piece 50
[2020/12/12 00:52:30]: Peer 1004 received the ‘have’ message from 1001 for the piece 55
[2020/12/12 00:52:30]: Peer 1004 received the ‘have’ message from 1001 for the piece 30
[2020/12/12 00:52:30]: Peer 1004 received the ‘have’ message from 1001 for the piece 16
[2020/12/12 00:52:30]: Peer 1004 received the ‘have’ message from 1001 for the piece 67
[2020/12/12 00:52:31]: Peer 1004 received the ‘have’ message from 1001 for the piece 33
[2020/12/12 00:52:31]: Peer 1004 received the ‘have’ message from 1001 for the piece 25
[2020/12/12 00:52:31]: Peer 1004 received the ‘have’ message from 1001 for the piece 15
[2020/12/12 00:52:31]: Peer 1004 received the ‘have’ message from 1001 for the piece 51
[2020/12/12 00:52:31]: Peer 1004 received the ‘have’ message from 1001 for the piece 24
[2020/12/12 00:52:31]: Peer 1004 received the ‘have’ message from 1001 for the piece 28
[2020/12/12 00:52:31]: Peer 1004 received the ‘have’ message from 1001 for the piece 41
[2020/12/12 00:52:31]: Peer 1004 received the ‘have’ message from 1001 for the piece 29
[2020/12/12 00:52:31]: Peer 1004 received the ‘have’ message from 1001 for the piece 54
[2020/12/12 00:52:31]: Peer 1004 received the ‘have’ message from 1001 for the piece 48
[2020/12/12 00:52:31]: Peer 1004 received the ‘have’ message from 1001 for the piece 36
[2020/12/12 00:52:31]: Peer 1004 received the ‘have’ message from 1001 for the piece 3
[2020/12/12 00:52:31]: Peer 1004 received the ‘have’ message from 1001 for the piece 1
[2020/12/12 00:52:31]: Peer 1004 received the ‘have’ message from 1001 for the piece 11
[2020/12/12 00:52:31]: Peer 1004 received the ‘have’ message from 1001 for the piece 47
[2020/12/12 00:52:31]: Peer 1004 received the ‘have’ message from 1001 for the piece 39
[2020/12/12 00:52:31]: Peer 1004 received the ‘have’ message from 1001 for the piece 49
[2020/12/12 00:52:31]: Peer 1004 received the ‘have’ message from 1001 for the piece 6
[2020/12/12 00:52:32]: Peer 1004 has the preferred neighbor
[2020/12/12 00:52:32]: Peer 1004 received the ‘have’ message from 1001 for the piece 22
[2020/12/12 00:52:32]: Peer 1004 received the ‘have’ message from 1001 for the piece 43
[2020/12/12 00:52:32]: Peer 1004 received the ‘have’ message from 1001 for the piece 17
[2020/12/12 00:52:32]: Peer 1004 received the ‘have’ message from 1001 for the piece 44
[2020/12/12 00:52:32]: Peer 1004 received the ‘have’ message from 1001 for the piece 45
[2020/12/12 00:52:32]: Peer 1004 received the ‘have’ message from 1001 for the piece 53
[2020/12/12 00:52:32]: Peer 1004 received the ‘have’ message from 1001 for the piece 61
[2020/12/12 00:52:32]: Peer 1004 received the ‘have’ message from 1001 for the piece 65
[2020/12/12 00:52:36]: Peer 1004 is unchoked by 1001
[2020/12/12 00:52:36]: Peer 1004 has downloaded the piece 64 from 1001. Now the number of pieces it has is 1
[2020/12/12 00:52:36]: Peer 1004 has downloaded the piece 35 from 1001. Now the number of pieces it has is 2
[2020/12/12 00:52:36]: Peer 1004 has downloaded the piece 24 from 1001. Now the number of pieces it has is 3
[2020/12/12 00:52:37]: Peer 1004 has the preferred neighbor
[2020/12/12 00:52:37]: Peer 1004 has downloaded the piece 13 from 1001. Now the number of pieces it has is 4
[2020/12/12 00:52:37]: Peer 1004 has downloaded the piece 41 from 1001. Now the number of pieces it has is 5
[2020/12/12 00:52:37]: Peer 1004 has downloaded the piece 47 from 1001. Now the number of pieces it has is 6
[2020/12/12 00:52:37]: Peer 1004 has downloaded the piece 40 from 1001. Now the number of pieces it has is 7
[2020/12/12 00:52:37]: Peer 1004 has downloaded the piece 58 from 1001. Now the number of pieces it has is 8
[2020/12/12 00:52:37]: Peer 1004 has downloaded the piece 37 from 1001. Now the number of pieces it has is 9
[2020/12/12 00:52:37]: Peer 1004 has downloaded the piece 7 from 1001. Now the number of pieces it has is 10
[2020/12/12 00:52:37]: Peer 1004 has downloaded the piece 22 from 1001. Now the number of pieces it has is 11
[2020/12/12 00:52:37]: Peer 1004 has downloaded the piece 63 from 1001. Now the number of pieces it has is 12
[2020/12/12 00:52:37]: Peer 1004 has downloaded the piece 56 from 1001. Now the number of pieces it has is 13
[2020/12/12 00:52:37]: Peer 1004 has downloaded the piece 45 from 1001. Now the number of pieces it has is 14
[2020/12/12 00:52:37]: Peer 1004 has downloaded the piece 23 from 1001. Now the number of pieces it has is 15
[2020/12/12 00:52:37]: Peer 1004 has downloaded the piece 31 from 1001. Now the number of pieces it has is 16
[2020/12/12 00:52:37]: Peer 1004 has downloaded the piece 29 from 1001. Now the number of pieces it has is 17
[2020/12/12 00:52:37]: Peer 1004 has downloaded the piece 18 from 1001. Now the number of pieces it has is 18
[2020/12/12 00:52:37]: Peer 1004 has downloaded the piece 15 from 1001. Now the number of pieces it has is 19
[2020/12/12 00:52:37]: Peer 1004 has downloaded the piece 67 from 1001. Now the number of pieces it has is 20
[2020/12/12 00:52:37]: Peer 1004 has downloaded the piece 28 from 1001. Now the number of pieces it has is 21
[2020/12/12 00:52:37]: Peer 1004 has downloaded the piece 44 from 1001. Now the number of pieces it has is 22
[2020/12/12 00:52:37]: Peer 1004 has downloaded the piece 43 from 1001. Now the number of pieces it has is 23
[2020/12/12 00:52:37]: Peer 1004 has downloaded the piece 30 from 1001. Now the number of pieces it has is 24
[2020/12/12 00:52:37]: Peer 1004 has downloaded the piece 48 from 1001. Now the number of pieces it has is 25
[2020/12/12 00:52:37]: Peer 1004 has downloaded the piece 61 from 1001. Now the number of pieces it has is 26
[2020/12/12 00:52:37]: Peer 1004 has downloaded the piece 32 from 1001. Now the number of pieces it has is 27
[2020/12/12 00:52:37]: Peer 1004 has downloaded the piece 39 from 1001. Now the number of pieces it has is 28
[2020/12/12 00:52:37]: Peer 1004 has downloaded the piece 1 from 1001. Now the number of pieces it has is 29
[2020/12/12 00:52:37]: Peer 1004 has downloaded the piece 34 from 1001. Now the number of pieces it has is 30
[2020/12/12 00:52:37]: Peer 1004 has downloaded the piece 59 from 1001. Now the number of pieces it has is 31
[2020/12/12 00:52:37]: Peer 1004 has downloaded the piece 49 from 1001. Now the number of pieces it has is 32
[2020/12/12 00:52:37]: Peer 1004 has downloaded the piece 36 from 1001. Now the number of pieces it has is 33
[2020/12/12 00:52:37]: Peer 1004 has downloaded the piece 19 from 1001. Now the number of pieces it has is 34
[2020/12/12 00:52:37]: Peer 1004 has downloaded the piece 26 from 1001. Now the number of pieces it has is 35
[2020/12/12 00:52:37]: Peer 1004 has downloaded the piece 8 from 1001. Now the number of pieces it has is 36
[2020/12/12 00:52:37]: Peer 1004 has downloaded the piece 65 from 1001. Now the number of pieces it has is 37
[2020/12/12 00:52:37]: Peer 1004 has downloaded the piece 2 from 1001. Now the number of pieces it has is 38
[2020/12/12 00:52:37]: Peer 1004 has downloaded the piece 9 from 1001. Now the number of pieces it has is 39
[2020/12/12 00:52:37]: Peer 1004 has downloaded the piece 60 from 1001. Now the number of pieces it has is 40
[2020/12/12 00:52:37]: Peer 1004 has downloaded the piece 46 from 1001. Now the number of pieces it has is 41
[2020/12/12 00:52:37]: Peer 1004 has downloaded the piece 17 from 1001. Now the number of pieces it has is 42
[2020/12/12 00:52:37]: Peer 1004 has downloaded the piece 25 from 1001. Now the number of pieces it has is 43
[2020/12/12 00:52:37]: Peer 1004 has downloaded the piece 10 from 1001. Now the number of pieces it has is 44
[2020/12/12 00:52:37]: Peer 1004 has downloaded the piece 54 from 1001. Now the number of pieces it has is 45
[2020/12/12 00:52:37]: Peer 1004 has downloaded the piece 53 from 1001. Now the number of pieces it has is 46
[2020/12/12 00:52:37]: Peer 1004 has downloaded the piece 14 from 1001. Now the number of pieces it has is 47
[2020/12/12 00:52:37]: Peer 1004 has downloaded the piece 20 from 1001. Now the number of pieces it has is 48
[2020/12/12 00:52:37]: Peer 1004 has downloaded the piece 11 from 1001. Now the number of pieces it has is 49
[2020/12/12 00:52:37]: Peer 1004 has downloaded the piece 16 from 1001. Now the number of pieces it has is 50
[2020/12/12 00:52:37]: Peer 1004 has downloaded the piece 50 from 1001. Now the number of pieces it has is 51
[2020/12/12 00:52:37]: Peer 1004 has downloaded the piece 66 from 1001. Now the number of pieces it has is 52
[2020/12/12 00:52:37]: Peer 1004 has downloaded the piece 57 from 1001. Now the number of pieces it has is 53
[2020/12/12 00:52:37]: Peer 1004 has downloaded the piece 27 from 1001. Now the number of pieces it has is 54
[2020/12/12 00:52:37]: Peer 1004 has downloaded the piece 38 from 1001. Now the number of pieces it has is 55
[2020/12/12 00:52:37]: Peer 1004 has downloaded the piece 42 from 1001. Now the number of pieces it has is 56
[2020/12/12 00:52:37]: Peer 1004 has downloaded the piece 51 from 1001. Now the number of pieces it has is 57
[2020/12/12 00:52:37]: Peer 1004 has downloaded the piece 5 from 1001. Now the number of pieces it has is 58
[2020/12/12 00:52:38]: Peer 1004 has downloaded the piece 12 from 1001. Now the number of pieces it has is 59
[2020/12/12 00:52:38]: Peer 1004 has downloaded the piece 4 from 1001. Now the number of pieces it has is 60
[2020/12/12 00:52:38]: Peer 1004 has downloaded the piece 3 from 1001. Now the number of pieces it has is 61
[2020/12/12 00:52:38]: Peer 1004 has downloaded the piece 55 from 1001. Now the number of pieces it has is 62
[2020/12/12 00:52:38]: Peer 1004 has downloaded the piece 6 from 1001. Now the number of pieces it has is 63
[2020/12/12 00:52:38]: Peer 1004 has downloaded the piece 52 from 1001. Now the number of pieces it has is 64
[2020/12/12 00:52:38]: Peer 1004 has downloaded the piece 33 from 1001. Now the number of pieces it has is 65
[2020/12/12 00:52:38]: Peer 1004 has downloaded the piece 62 from 1001. Now the number of pieces it has is 66
[2020/12/12 00:52:38]: Peer 1004 has downloaded the piece 21 from 1001. Now the number of pieces it has is 67
[2020/12/12 00:52:38]: Peer 1004 has downloaded the complete file
Connection completed for 1001
[2020/12/12 00:52:42]: Peer 1004 has the preferred neighbor
[2020/12/12 00:52:47]: Peer 1004 has the preferred neighbor
[2020/12/12 00:52:52]: Peer 1004 has the preferred neighbor
[2020/12/12 00:52:57]: Peer 1004 has the preferred neighbor
[2020/12/12 00:53:02]: Peer 1004 has the preferred neighbor
[2020/12/12 00:53:07]: Peer 1004 has the preferred neighbor
[2020/12/12 00:53:12]: Peer 1004 has the preferred neighbor
[2020/12/12 00:53:17]: Peer 1004 has the preferred neighbor
[2020/12/12 00:53:22]: Peer 1004 has the preferred neighbor
[2020/12/12 00:53:27]: Peer 1004 has the preferred neighbor
[2020/12/12 00:53:32]: Peer 1004 has the preferred neighbor
[2020/12/12 00:53:37]: Peer 1004 has the preferred neighbor
[2020/12/12 00:53:42]: Peer 1004 has the preferred neighbor
[2020/12/12 00:53:47]: Peer 1004 has the preferred neighbor
[2020/12/12 00:53:52]: Peer 1004 has the preferred neighbor
[2020/12/12 00:53:57]: Peer 1004 has the preferred neighbor
[2020/12/12 00:54:02]: Peer 1004 has the preferred neighbor
[2020/12/12 00:54:07]: Peer 1004 has the preferred neighbor
[2020/12/12 00:54:12]: Peer 1004 has the preferred neighbor
[2020/12/12 00:54:17]: Peer 1004 has the preferred neighbor
[2020/12/12 00:54:22]: Peer 1004 has the preferred neighbor
[2020/12/12 00:54:27]: Peer 1004 has the preferred neighbor
[2020/12/12 00:54:32]: Peer 1004 has the preferred neighbor
[2020/12/12 00:54:37]: Peer 1004 has the preferred neighbor
[2020/12/12 00:54:42]: Peer 1004 has the preferred neighbor
[2020/12/12 00:54:47]: Peer 1004 has the preferred neighbor
[2020/12/12 00:54:52]: Peer 1004 has the preferred neighbor
[2020/12/12 00:54:57]: Peer 1004 has the preferred neighbor
[2020/12/12 00:55:02]: Peer 1004 has the preferred neighbor
[2020/12/12 00:55:07]: Peer 1004 has the preferred neighbor
[2020/12/12 00:55:12]: Peer 1004 has the preferred neighbor
[2020/12/12 00:55:17]: Peer 1004 has the preferred neighbor
[2020/12/12 00:55:22]: Peer 1004 has the preferred neighbor
[2020/12/12 00:55:27]: Peer 1004 has the preferred neighbor
[2020/12/12 00:55:32]: Peer 1004 has the preferred neighbor
[2020/12/12 00:55:37]: Peer 1004 has the preferred neighbor
[2020/12/12 00:55:42]: Peer 1004 has the preferred neighbor
[2020/12/12 00:55:47]: Peer 1004 has the preferred neighbor
[2020/12/12 00:55:52]: Peer 1004 has the preferred neighbor
[2020/12/12 00:55:57]: Peer 1004 has the preferred neighbor
[2020/12/12 00:56:02]: Peer 1004 has the preferred neighbor
[2020/12/12 00:56:07]: Peer 1004 has the preferred neighbor
[2020/12/12 00:56:12]: Peer 1004 has the preferred neighbor
[2020/12/12 00:56:17]: Peer 1004 has the preferred neighbor
[2020/12/12 00:56:22]: Peer 1004 has the preferred neighbor
[2020/12/12 00:56:27]: Peer 1004 has the preferred neighbor
[2020/12/12 00:56:32]: Peer 1004 has the preferred neighbor
[2020/12/12 00:56:37]: Peer 1004 has the preferred neighbor
[2020/12/12 00:56:42]: Peer 1004 has the preferred neighbor
[2020/12/12 00:56:47]: Peer 1004 has the preferred neighbor
[2020/12/12 00:56:52]: Peer 1004 has the preferred neighbor
[2020/12/12 00:56:57]: Peer 1004 has the preferred neighbor
[2020/12/12 00:57:02]: Peer 1004 has the preferred neighbor
[2020/12/12 00:57:07]: Peer 1004 has the preferred neighbor
[2020/12/12 00:57:12]: Peer 1004 has the preferred neighbor
[2020/12/12 00:57:17]: Peer 1004 has the preferred neighbor
[2020/12/12 00:57:22]: Peer 1004 has the preferred neighbor
[2020/12/12 00:57:27]: Peer 1004 has the preferred neighbor
[2020/12/12 00:57:32]: Peer 1004 has the preferred neighbor
[2020/12/12 00:57:37]: Peer 1004 has the preferred neighbor
[2020/12/12 00:57:42]: Peer 1004 has the preferred neighbor
[2020/12/12 00:57:47]: Peer 1004 has the preferred neighbor
[2020/12/12 00:57:52]: Peer 1004 has the preferred neighbor
[2020/12/12 00:57:57]: Peer 1004 has the preferred neighbor
[2020/12/12 00:58:02]: Peer 1004 has the preferred neighbor
[2020/12/12 00:58:07]: Peer 1004 has the preferred neighbor
[2020/12/12 00:58:12]: Peer 1004 has the preferred neighbor
[2020/12/12 00:58:17]: Peer 1004 has the preferred neighbor
[2020/12/12 00:58:22]: Peer 1004 has the preferred neighbor
[2020/12/12 00:58:27]: Peer 1004 has the preferred neighbor
[2020/12/12 00:58:32]: Peer 1004 has the preferred neighbor
[2020/12/12 00:58:37]: Peer 1004 has the preferred neighbor
[2020/12/12 00:58:42]: Peer 1004 has the preferred neighbor
[2020/12/12 00:58:47]: Peer 1004 has the preferred neighbor
[2020/12/12 00:58:52]: Peer 1004 has the preferred neighbor
[2020/12/12 00:58:57]: Peer 1004 has the preferred neighbor
[2020/12/12 00:59:02]: Peer 1004 has the preferred neighbor
[2020/12/12 00:59:07]: Peer 1004 has the preferred neighbor
[2020/12/12 00:59:12]: Peer 1004 has the preferred neighbor
[2020/12/12 00:59:17]: Peer 1004 has the preferred neighbor
[2020/12/12 00:59:22]: Peer 1004 has the preferred neighbor
[2020/12/12 00:59:27]: Peer 1004 has the preferred neighbor
[2020/12/12 00:59:32]: Peer 1004 has the preferred neighbor
[2020/12/12 00:59:37]: Peer 1004 has the preferred neighbor
[2020/12/12 00:59:42]: Peer 1004 has the preferred neighbor
