Log and Directory are created
Starting Peer 1001
Common config file loaded
[2020/12/12 00:52:21]: Peer 1001 has the preferred neighbor
[2020/12/12 00:52:21]: Peer 1001 is connected from Peer 1005.
Sending not interested - no bitfield req
[2020/12/12 00:52:21]: Peer 1001 received the 'not interested' message from 1005
[2020/12/12 00:52:21]: Peer 1001 is connected from Peer 1003.
Sending not interested - no bitfield req
[2020/12/12 00:52:21]: Peer 1001 received the 'not interested' message from 1003
[2020/12/12 00:52:21]: Peer 1001 is connected from Peer 1004.
[2020/12/12 00:52:21]: Peer 1001 is connected from Peer 1007.
Sending not interested - no bitfield req
[2020/12/12 00:52:22]: Peer 1001 received the 'not interested' message from 1007
Sending not interested - no bitfield req
[2020/12/12 00:52:22]: Peer 1001 received the 'not interested' message from 1004
[2020/12/12 00:52:22]: Peer 1001 is connected from Peer 1008.
Sending not interested - no bitfield req
[2020/12/12 00:52:22]: Peer 1001 received the 'not interested' message from 1008
[2020/12/12 00:52:22]: Peer 1001 is connected from Peer 1009.
Sending not interested - no bitfield req
[2020/12/12 00:52:22]: Peer 1001 received the 'not interested' message from 1009
[2020/12/12 00:52:22]: Peer 1001 is connected from Peer 1006.
[2020/12/12 00:52:22]: Peer 1001 received the 'not interested' message from 1006
[2020/12/12 00:52:22]: Peer 1001 is connected from Peer 1002.
[2020/12/12 00:52:22]: Peer 1001 received the 'not interested' message from 1002
[2020/12/12 00:52:26]: Peer 1001 has the preferred neighbor
[2020/12/12 00:52:27]: Peer 1001 is unchoked by 1006
[2020/12/12 00:52:27]: Peer 1001 is unchoked by 1002
[2020/12/12 00:52:27]: Peer 1001 has downloaded the piece 32 from 1002. Now the number of pieces it has is 2
[2020/12/12 00:52:27]: Peer 1001 has downloaded the piece 7 from 1006. Now the number of pieces it has is 2
[2020/12/12 00:52:27]: Peer 1001 received the 'interested' message from 1008
[2020/12/12 00:52:27]: Peer 1001 received the 'interested' message from 1008
[2020/12/12 00:52:27]: Peer 1001 received the 'interested' message from 1009
[2020/12/12 00:52:27]: Peer 1001 received the 'interested' message from 1009
[2020/12/12 00:52:28]: Peer 1001 received the 'interested' message from 1003
[2020/12/12 00:52:28]: Peer 1001 received the 'interested' message from 1004
[2020/12/12 00:52:28]: Peer 1001 received the 'interested' message from 1004
[2020/12/12 00:52:28]: Peer 1001 received the 'interested' message from 1003
[2020/12/12 00:52:28]: Peer 1001 received the 'interested' message from 1005
[2020/12/12 00:52:28]: Peer 1001 received the 'interested' message from 1005
[2020/12/12 00:52:28]: Peer 1001 has downloaded the piece 18 from 1006. Now the number of pieces it has is 3
[2020/12/12 00:52:28]: Peer 1001 received the 'interested' message from 1007
[2020/12/12 00:52:28]: Peer 1001 has downloaded the piece 23 from 1002. Now the number of pieces it has is 4
[2020/12/12 00:52:28]: Peer 1001 received the 'interested' message from 1007
[2020/12/12 00:52:28]: Peer 1001 received the 'interested' message from 1008
[2020/12/12 00:52:28]: Peer 1001 received the 'interested' message from 1008
[2020/12/12 00:52:28]: Peer 1001 received the 'interested' message from 1009
[2020/12/12 00:52:28]: Peer 1001 received the 'interested' message from 1009
[2020/12/12 00:52:28]: Peer 1001 received the 'interested' message from 1003
[2020/12/12 00:52:28]: Peer 1001 received the 'interested' message from 1003
[2020/12/12 00:52:28]: Peer 1001 received the 'interested' message from 1005
[2020/12/12 00:52:28]: Peer 1001 received the 'interested' message from 1004
[2020/12/12 00:52:28]: Peer 1001 received the 'interested' message from 1004
[2020/12/12 00:52:28]: Peer 1001 received the 'interested' message from 1005
[2020/12/12 00:52:28]: Peer 1001 received the 'interested' message from 1007
[2020/12/12 00:52:28]: Peer 1001 has downloaded the piece 31 from 1002. Now the number of pieces it has is 6
[2020/12/12 00:52:28]: Peer 1001 has downloaded the piece 20 from 1006. Now the number of pieces it has is 6
[2020/12/12 00:52:28]: Peer 1001 received the 'interested' message from 1007
[2020/12/12 00:52:28]: Peer 1001 received the 'interested' message from 1008
[2020/12/12 00:52:28]: Peer 1001 received the 'interested' message from 1008
[2020/12/12 00:52:28]: Peer 1001 received the 'interested' message from 1009
[2020/12/12 00:52:28]: Peer 1001 received the 'interested' message from 1009
[2020/12/12 00:52:28]: Peer 1001 received the 'interested' message from 1003
[2020/12/12 00:52:28]: Peer 1001 received the 'interested' message from 1003
[2020/12/12 00:52:28]: Peer 1001 received the 'interested' message from 1004
[2020/12/12 00:52:28]: Peer 1001 received the 'interested' message from 1004
[2020/12/12 00:52:28]: Peer 1001 has downloaded the piece 66 from 1002. Now the number of pieces it has is 7
[2020/12/12 00:52:28]: Peer 1001 has downloaded the piece 42 from 1006. Now the number of pieces it has is 8
[2020/12/12 00:52:28]: Peer 1001 received the 'interested' message from 1003
[2020/12/12 00:52:28]: Peer 1001 received the 'interested' message from 1003
[2020/12/12 00:52:28]: Peer 1001 has downloaded the piece 10 from 1002. Now the number of pieces it has is 9
[2020/12/12 00:52:28]: Peer 1001 has downloaded the piece 14 from 1006. Now the number of pieces it has is 10
[2020/12/12 00:52:28]: Peer 1001 received the 'interested' message from 1005
[2020/12/12 00:52:28]: Peer 1001 received the 'interested' message from 1005
[2020/12/12 00:52:28]: Peer 1001 received the 'interested' message from 1005
[2020/12/12 00:52:28]: Peer 1001 received the 'interested' message from 1005
[2020/12/12 00:52:28]: Peer 1001 received the 'interested' message from 1007
[2020/12/12 00:52:28]: Peer 1001 received the 'interested' message from 1007
[2020/12/12 00:52:28]: Peer 1001 received the 'interested' message from 1007
[2020/12/12 00:52:28]: Peer 1001 received the 'interested' message from 1007
[2020/12/12 00:52:28]: Peer 1001 received the 'interested' message from 1004
[2020/12/12 00:52:28]: Peer 1001 received the 'interested' message from 1004
[2020/12/12 00:52:28]: Peer 1001 received the 'interested' message from 1008
[2020/12/12 00:52:28]: Peer 1001 received the 'interested' message from 1008
[2020/12/12 00:52:28]: Peer 1001 received the 'interested' message from 1009
[2020/12/12 00:52:28]: Peer 1001 received the 'interested' message from 1009
[2020/12/12 00:52:28]: Peer 1001 received the 'interested' message from 1009
[2020/12/12 00:52:28]: Peer 1001 received the 'interested' message from 1009
[2020/12/12 00:52:28]: Peer 1001 received the 'interested' message from 1008
[2020/12/12 00:52:28]: Peer 1001 received the 'interested' message from 1008
[2020/12/12 00:52:28]: Peer 1001 received the 'interested' message from 1004
[2020/12/12 00:52:28]: Peer 1001 received the 'interested' message from 1004
[2020/12/12 00:52:28]: Peer 1001 received the 'interested' message from 1003
[2020/12/12 00:52:28]: Peer 1001 received the 'interested' message from 1003
[2020/12/12 00:52:28]: Peer 1001 received the 'interested' message from 1007
[2020/12/12 00:52:28]: Peer 1001 has downloaded the piece 4 from 1006. Now the number of pieces it has is 12
[2020/12/12 00:52:28]: Peer 1001 has downloaded the piece 56 from 1002. Now the number of pieces it has is 12
[2020/12/12 00:52:28]: Peer 1001 received the 'interested' message from 1007
[2020/12/12 00:52:28]: Peer 1001 received the 'interested' message from 1005
[2020/12/12 00:52:28]: Peer 1001 received the 'interested' message from 1005
[2020/12/12 00:52:28]: Peer 1001 received the 'interested' message from 1008
[2020/12/12 00:52:29]: Peer 1001 received the 'interested' message from 1008
[2020/12/12 00:52:29]: Peer 1001 received the 'interested' message from 1003
[2020/12/12 00:52:29]: Peer 1001 received the 'interested' message from 1003
[2020/12/12 00:52:29]: Peer 1001 received the 'interested' message from 1009
[2020/12/12 00:52:29]: Peer 1001 received the 'interested' message from 1009
[2020/12/12 00:52:29]: Peer 1001 received the 'interested' message from 1004
[2020/12/12 00:52:29]: Peer 1001 received the 'interested' message from 1004
[2020/12/12 00:52:29]: Peer 1001 received the 'interested' message from 1005
[2020/12/12 00:52:29]: Peer 1001 received the 'interested' message from 1005
[2020/12/12 00:52:29]: Peer 1001 received the 'interested' message from 1007
[2020/12/12 00:52:29]: Peer 1001 has downloaded the piece 12 from 1006. Now the number of pieces it has is 13
[2020/12/12 00:52:29]: Peer 1001 received the 'interested' message from 1007
[2020/12/12 00:52:29]: Peer 1001 has downloaded the piece 13 from 1002. Now the number of pieces it has is 14
[2020/12/12 00:52:29]: Peer 1001 received the 'interested' message from 1008
[2020/12/12 00:52:29]: Peer 1001 received the 'interested' message from 1008
[2020/12/12 00:52:29]: Peer 1001 received the 'interested' message from 1009
[2020/12/12 00:52:29]: Peer 1001 received the 'interested' message from 1004
[2020/12/12 00:52:29]: Peer 1001 received the 'interested' message from 1007
[2020/12/12 00:52:29]: Peer 1001 received the 'interested' message from 1003
[2020/12/12 00:52:29]: Peer 1001 has downloaded the piece 40 from 1006. Now the number of pieces it has is 15
[2020/12/12 00:52:29]: Peer 1001 received the 'interested' message from 1003
[2020/12/12 00:52:29]: Peer 1001 received the 'interested' message from 1008
[2020/12/12 00:52:29]: Peer 1001 received the 'interested' message from 1009
[2020/12/12 00:52:29]: Peer 1001 received the 'interested' message from 1009
[2020/12/12 00:52:29]: Peer 1001 received the 'interested' message from 1005
[2020/12/12 00:52:29]: Peer 1001 received the 'interested' message from 1004
[2020/12/12 00:52:29]: Peer 1001 received the 'interested' message from 1004
[2020/12/12 00:52:29]: Peer 1001 received the 'interested' message from 1005
[2020/12/12 00:52:29]: Peer 1001 received the 'interested' message from 1005
[2020/12/12 00:52:29]: Peer 1001 has downloaded the piece 34 from 1002. Now the number of pieces it has is 16
[2020/12/12 00:52:29]: Peer 1001 received the 'interested' message from 1003
[2020/12/12 00:52:29]: Peer 1001 has downloaded the piece 19 from 1006. Now the number of pieces it has is 17
[2020/12/12 00:52:29]: Peer 1001 received the 'interested' message from 1007
[2020/12/12 00:52:29]: Peer 1001 received the 'interested' message from 1007
[2020/12/12 00:52:29]: Peer 1001 received the 'interested' message from 1008
[2020/12/12 00:52:29]: Peer 1001 received the 'interested' message from 1003
[2020/12/12 00:52:29]: Peer 1001 received the 'interested' message from 1008
[2020/12/12 00:52:29]: Peer 1001 received the 'interested' message from 1009
[2020/12/12 00:52:29]: Peer 1001 received the 'interested' message from 1009
[2020/12/12 00:52:29]: Peer 1001 received the 'interested' message from 1004
[2020/12/12 00:52:29]: Peer 1001 received the 'interested' message from 1003
[2020/12/12 00:52:29]: Peer 1001 received the 'interested' message from 1004
[2020/12/12 00:52:29]: Peer 1001 received the 'interested' message from 1005
[2020/12/12 00:52:29]: Peer 1001 has downloaded the piece 8 from 1002. Now the number of pieces it has is 18
[2020/12/12 00:52:29]: Peer 1001 received the 'interested' message from 1007
[2020/12/12 00:52:29]: Peer 1001 has downloaded the piece 64 from 1006. Now the number of pieces it has is 19
[2020/12/12 00:52:29]: Peer 1001 received the 'interested' message from 1007
[2020/12/12 00:52:29]: Peer 1001 received the 'interested' message from 1005
[2020/12/12 00:52:29]: Peer 1001 received the 'interested' message from 1008
[2020/12/12 00:52:29]: Peer 1001 received the 'interested' message from 1008
[2020/12/12 00:52:29]: Peer 1001 received the 'interested' message from 1009
[2020/12/12 00:52:29]: Peer 1001 received the 'interested' message from 1009
[2020/12/12 00:52:29]: Peer 1001 received the 'interested' message from 1003
[2020/12/12 00:52:29]: Peer 1001 received the 'interested' message from 1003
[2020/12/12 00:52:29]: Peer 1001 received the 'interested' message from 1004
[2020/12/12 00:52:29]: Peer 1001 received the 'interested' message from 1004
[2020/12/12 00:52:29]: Peer 1001 received the 'interested' message from 1005
[2020/12/12 00:52:29]: Peer 1001 received the 'interested' message from 1005
[2020/12/12 00:52:29]: Peer 1001 received the 'interested' message from 1007
[2020/12/12 00:52:29]: Peer 1001 has downloaded the piece 63 from 1002. Now the number of pieces it has is 20
[2020/12/12 00:52:29]: Peer 1001 has downloaded the piece 46 from 1006. Now the number of pieces it has is 21
[2020/12/12 00:52:29]: Peer 1001 received the 'interested' message from 1007
[2020/12/12 00:52:29]: Peer 1001 received the 'interested' message from 1008
[2020/12/12 00:52:29]: Peer 1001 received the 'interested' message from 1008
[2020/12/12 00:52:29]: Peer 1001 received the 'interested' message from 1009
[2020/12/12 00:52:29]: Peer 1001 received the 'interested' message from 1009
[2020/12/12 00:52:29]: Peer 1001 received the 'interested' message from 1003
[2020/12/12 00:52:29]: Peer 1001 received the 'interested' message from 1003
[2020/12/12 00:52:29]: Peer 1001 has downloaded the piece 38 from 1002. Now the number of pieces it has is 22
[2020/12/12 00:52:29]: Peer 1001 has downloaded the piece 9 from 1006. Now the number of pieces it has is 23
[2020/12/12 00:52:29]: Peer 1001 received the 'interested' message from 1008
[2020/12/12 00:52:29]: Peer 1001 received the 'interested' message from 1008
[2020/12/12 00:52:29]: Peer 1001 received the 'interested' message from 1005
[2020/12/12 00:52:29]: Peer 1001 received the 'interested' message from 1005
[2020/12/12 00:52:29]: Peer 1001 received the 'interested' message from 1004
[2020/12/12 00:52:29]: Peer 1001 received the 'interested' message from 1003
[2020/12/12 00:52:29]: Peer 1001 received the 'interested' message from 1003
[2020/12/12 00:52:29]: Peer 1001 received the 'interested' message from 1004
[2020/12/12 00:52:29]: Peer 1001 received the 'interested' message from 1004
[2020/12/12 00:52:29]: Peer 1001 received the 'interested' message from 1004
[2020/12/12 00:52:29]: Peer 1001 received the 'interested' message from 1007
[2020/12/12 00:52:29]: Peer 1001 received the 'interested' message from 1007
[2020/12/12 00:52:29]: Peer 1001 has downloaded the piece 60 from 1002. Now the number of pieces it has is 25
[2020/12/12 00:52:29]: Peer 1001 has downloaded the piece 2 from 1006. Now the number of pieces it has is 25
[2020/12/12 00:52:29]: Peer 1001 received the 'interested' message from 1005
[2020/12/12 00:52:29]: Peer 1001 received the 'interested' message from 1005
[2020/12/12 00:52:29]: Peer 1001 received the 'interested' message from 1009
[2020/12/12 00:52:29]: Peer 1001 received the 'interested' message from 1007
[2020/12/12 00:52:29]: Peer 1001 received the 'interested' message from 1007
[2020/12/12 00:52:29]: Peer 1001 received the 'interested' message from 1009
[2020/12/12 00:52:29]: Peer 1001 received the 'interested' message from 1009
[2020/12/12 00:52:29]: Peer 1001 received the 'interested' message from 1009
[2020/12/12 00:52:29]: Peer 1001 received the 'interested' message from 1003
[2020/12/12 00:52:29]: Peer 1001 received the 'interested' message from 1003
[2020/12/12 00:52:29]: Peer 1001 received the 'interested' message from 1008
[2020/12/12 00:52:29]: Peer 1001 received the 'interested' message from 1008
[2020/12/12 00:52:29]: Peer 1001 received the 'interested' message from 1005
[2020/12/12 00:52:29]: Peer 1001 has downloaded the piece 52 from 1002. Now the number of pieces it has is 26
[2020/12/12 00:52:29]: Peer 1001 has downloaded the piece 26 from 1006. Now the number of pieces it has is 27
[2020/12/12 00:52:29]: Peer 1001 received the 'interested' message from 1008
[2020/12/12 00:52:29]: Peer 1001 received the 'interested' message from 1008
[2020/12/12 00:52:29]: Peer 1001 received the 'interested' message from 1005
[2020/12/12 00:52:29]: Peer 1001 received the 'interested' message from 1005
[2020/12/12 00:52:29]: Peer 1001 has downloaded the piece 5 from 1002. Now the number of pieces it has is 28
[2020/12/12 00:52:29]: Peer 1001 received the 'interested' message from 1005
[2020/12/12 00:52:29]: Peer 1001 received the 'interested' message from 1004
[2020/12/12 00:52:29]: Peer 1001 received the 'interested' message from 1004
[2020/12/12 00:52:29]: Peer 1001 received the 'interested' message from 1004
[2020/12/12 00:52:29]: Peer 1001 received the 'interested' message from 1004
[2020/12/12 00:52:29]: Peer 1001 has downloaded the piece 58 from 1006. Now the number of pieces it has is 29
[2020/12/12 00:52:29]: Peer 1001 received the 'interested' message from 1007
[2020/12/12 00:52:29]: Peer 1001 received the 'interested' message from 1009
[2020/12/12 00:52:29]: Peer 1001 received the 'interested' message from 1009
[2020/12/12 00:52:29]: Peer 1001 received the 'interested' message from 1009
[2020/12/12 00:52:29]: Peer 1001 received the 'interested' message from 1008
[2020/12/12 00:52:29]: Peer 1001 received the 'interested' message from 1008
[2020/12/12 00:52:29]: Peer 1001 received the 'interested' message from 1007
[2020/12/12 00:52:29]: Peer 1001 received the 'interested' message from 1007
[2020/12/12 00:52:29]: Peer 1001 received the 'interested' message from 1007
[2020/12/12 00:52:29]: Peer 1001 received the 'interested' message from 1007
[2020/12/12 00:52:29]: Peer 1001 has downloaded the piece 35 from 1006. Now the number of pieces it has is 31
[2020/12/12 00:52:29]: Peer 1001 has downloaded the piece 62 from 1002. Now the number of pieces it has is 30
[2020/12/12 00:52:29]: Peer 1001 received the 'interested' message from 1003
[2020/12/12 00:52:29]: Peer 1001 received the 'interested' message from 1003
[2020/12/12 00:52:29]: Peer 1001 received the 'interested' message from 1003
[2020/12/12 00:52:29]: Peer 1001 received the 'interested' message from 1003
[2020/12/12 00:52:29]: Peer 1001 received the 'interested' message from 1005
[2020/12/12 00:52:29]: Peer 1001 received the 'interested' message from 1005
[2020/12/12 00:52:29]: Peer 1001 received the 'interested' message from 1007
[2020/12/12 00:52:29]: Peer 1001 received the 'interested' message from 1004
[2020/12/12 00:52:29]: Peer 1001 received the 'interested' message from 1004
[2020/12/12 00:52:29]: Peer 1001 received the 'interested' message from 1009
[2020/12/12 00:52:30]: Peer 1001 received the 'interested' message from 1008
[2020/12/12 00:52:30]: Peer 1001 received the 'interested' message from 1008
[2020/12/12 00:52:30]: Peer 1001 received the 'interested' message from 1009
[2020/12/12 00:52:30]: Peer 1001 received the 'interested' message from 1009
[2020/12/12 00:52:30]: Peer 1001 received the 'interested' message from 1003
[2020/12/12 00:52:30]: Peer 1001 received the 'interested' message from 1003
[2020/12/12 00:52:30]: Peer 1001 received the 'interested' message from 1004
[2020/12/12 00:52:30]: Peer 1001 received the 'interested' message from 1004
[2020/12/12 00:52:30]: Peer 1001 received the 'interested' message from 1005
[2020/12/12 00:52:30]: Peer 1001 received the 'interested' message from 1007
[2020/12/12 00:52:30]: Peer 1001 has downloaded the piece 27 from 1006. Now the number of pieces it has is 32
[2020/12/12 00:52:30]: Peer 1001 has downloaded the piece 37 from 1002. Now the number of pieces it has is 33
[2020/12/12 00:52:30]: Peer 1001 received the 'interested' message from 1007
[2020/12/12 00:52:30]: Peer 1001 received the 'interested' message from 1005
[2020/12/12 00:52:30]: Peer 1001 received the 'interested' message from 1008
[2020/12/12 00:52:30]: Peer 1001 received the 'interested' message from 1008
[2020/12/12 00:52:30]: Peer 1001 received the 'interested' message from 1004
[2020/12/12 00:52:30]: Peer 1001 received the 'interested' message from 1004
[2020/12/12 00:52:30]: Peer 1001 received the 'interested' message from 1005
[2020/12/12 00:52:30]: Peer 1001 received the 'interested' message from 1003
[2020/12/12 00:52:30]: Peer 1001 received the 'interested' message from 1003
[2020/12/12 00:52:30]: Peer 1001 received the 'interested' message from 1005
[2020/12/12 00:52:30]: Peer 1001 has downloaded the piece 21 from 1006. Now the number of pieces it has is 34
[2020/12/12 00:52:30]: Peer 1001 has downloaded the piece 57 from 1002. Now the number of pieces it has is 35
[2020/12/12 00:52:30]: Peer 1001 received the 'interested' message from 1007
[2020/12/12 00:52:30]: Peer 1001 received the 'interested' message from 1007
[2020/12/12 00:52:30]: Peer 1001 received the 'interested' message from 1009
[2020/12/12 00:52:30]: Peer 1001 received the 'interested' message from 1009
[2020/12/12 00:52:30]: Peer 1001 received the 'interested' message from 1008
[2020/12/12 00:52:30]: Peer 1001 received the 'interested' message from 1008
[2020/12/12 00:52:30]: Peer 1001 received the 'interested' message from 1009
[2020/12/12 00:52:30]: Peer 1001 received the 'interested' message from 1009
[2020/12/12 00:52:30]: Peer 1001 received the 'interested' message from 1003
[2020/12/12 00:52:30]: Peer 1001 received the 'interested' message from 1003
[2020/12/12 00:52:30]: Peer 1001 received the 'interested' message from 1004
[2020/12/12 00:52:30]: Peer 1001 received the 'interested' message from 1004
[2020/12/12 00:52:30]: Peer 1001 received the 'interested' message from 1005
[2020/12/12 00:52:30]: Peer 1001 received the 'interested' message from 1005
[2020/12/12 00:52:30]: Peer 1001 has downloaded the piece 59 from 1006. Now the number of pieces it has is 36
[2020/12/12 00:52:30]: Peer 1001 has downloaded the piece 50 from 1002. Now the number of pieces it has is 37
[2020/12/12 00:52:30]: Peer 1001 received the 'interested' message from 1007
[2020/12/12 00:52:30]: Peer 1001 received the 'interested' message from 1007
[2020/12/12 00:52:30]: Peer 1001 received the 'interested' message from 1008
[2020/12/12 00:52:30]: Peer 1001 received the 'interested' message from 1008
[2020/12/12 00:52:30]: Peer 1001 received the 'interested' message from 1009
[2020/12/12 00:52:30]: Peer 1001 received the 'interested' message from 1009
[2020/12/12 00:52:30]: Peer 1001 received the 'interested' message from 1003
[2020/12/12 00:52:30]: Peer 1001 received the 'interested' message from 1003
[2020/12/12 00:52:30]: Peer 1001 received the 'interested' message from 1004
[2020/12/12 00:52:30]: Peer 1001 received the 'interested' message from 1004
[2020/12/12 00:52:30]: Peer 1001 received the 'interested' message from 1005
[2020/12/12 00:52:30]: Peer 1001 received the 'interested' message from 1005
[2020/12/12 00:52:30]: Peer 1001 has downloaded the piece 55 from 1006. Now the number of pieces it has is 38
[2020/12/12 00:52:30]: Peer 1001 received the 'interested' message from 1007
[2020/12/12 00:52:30]: Peer 1001 has downloaded the piece 30 from 1002. Now the number of pieces it has is 39
[2020/12/12 00:52:30]: Peer 1001 received the 'interested' message from 1007
[2020/12/12 00:52:30]: Peer 1001 received the 'interested' message from 1008
[2020/12/12 00:52:30]: Peer 1001 received the 'interested' message from 1008
[2020/12/12 00:52:30]: Peer 1001 received the 'interested' message from 1009
[2020/12/12 00:52:30]: Peer 1001 received the 'interested' message from 1009
[2020/12/12 00:52:30]: Peer 1001 received the 'interested' message from 1003
[2020/12/12 00:52:30]: Peer 1001 received the 'interested' message from 1003
[2020/12/12 00:52:30]: Peer 1001 received the 'interested' message from 1004
[2020/12/12 00:52:30]: Peer 1001 received the 'interested' message from 1004
[2020/12/12 00:52:30]: Peer 1001 received the 'interested' message from 1005
[2020/12/12 00:52:30]: Peer 1001 received the 'interested' message from 1005
[2020/12/12 00:52:30]: Peer 1001 has downloaded the piece 16 from 1006. Now the number of pieces it has is 41
[2020/12/12 00:52:30]: Peer 1001 has downloaded the piece 67 from 1002. Now the number of pieces it has is 41
[2020/12/12 00:52:30]: Peer 1001 received the 'interested' message from 1007
[2020/12/12 00:52:30]: Peer 1001 received the 'interested' message from 1007
[2020/12/12 00:52:30]: Peer 1001 received the 'interested' message from 1008
[2020/12/12 00:52:30]: Peer 1001 received the 'interested' message from 1008
[2020/12/12 00:52:30]: Peer 1001 received the 'interested' message from 1009
[2020/12/12 00:52:30]: Peer 1001 received the 'interested' message from 1009
[2020/12/12 00:52:30]: Peer 1001 received the 'interested' message from 1003
[2020/12/12 00:52:30]: Peer 1001 received the 'interested' message from 1003
[2020/12/12 00:52:30]: Peer 1001 received the 'interested' message from 1004
[2020/12/12 00:52:30]: Peer 1001 received the 'interested' message from 1004
[2020/12/12 00:52:30]: Peer 1001 received the 'interested' message from 1005
[2020/12/12 00:52:30]: Peer 1001 received the 'interested' message from 1005
[2020/12/12 00:52:30]: Peer 1001 has downloaded the piece 25 from 1006. Now the number of pieces it has is 43
[2020/12/12 00:52:30]: Peer 1001 has downloaded the piece 33 from 1002. Now the number of pieces it has is 43
[2020/12/12 00:52:30]: Peer 1001 received the 'interested' message from 1007
[2020/12/12 00:52:30]: Peer 1001 received the 'interested' message from 1007
[2020/12/12 00:52:30]: Peer 1001 received the 'interested' message from 1008
[2020/12/12 00:52:30]: Peer 1001 received the 'interested' message from 1008
[2020/12/12 00:52:30]: Peer 1001 received the 'interested' message from 1003
[2020/12/12 00:52:31]: Peer 1001 received the 'interested' message from 1004
[2020/12/12 00:52:31]: Peer 1001 has downloaded the piece 15 from 1002. Now the number of pieces it has is 44
[2020/12/12 00:52:31]: Peer 1001 received the 'interested' message from 1007
[2020/12/12 00:52:31]: Peer 1001 received the 'interested' message from 1009
[2020/12/12 00:52:31]: Peer 1001 received the 'interested' message from 1009
[2020/12/12 00:52:31]: Peer 1001 has downloaded the piece 51 from 1006. Now the number of pieces it has is 45
[2020/12/12 00:52:31]: Peer 1001 received the 'interested' message from 1004
[2020/12/12 00:52:31]: Peer 1001 has downloaded the piece 24 from 1002. Now the number of pieces it has is 46
[2020/12/12 00:52:31]: Peer 1001 received the 'interested' message from 1005
[2020/12/12 00:52:31]: Peer 1001 received the 'interested' message from 1005
[2020/12/12 00:52:31]: Peer 1001 received the 'interested' message from 1005
[2020/12/12 00:52:31]: Peer 1001 received the 'interested' message from 1009
[2020/12/12 00:52:31]: Peer 1001 received the 'interested' message from 1008
[2020/12/12 00:52:31]: Peer 1001 received the 'interested' message from 1008
[2020/12/12 00:52:31]: Peer 1001 received the 'interested' message from 1008
[2020/12/12 00:52:31]: Peer 1001 received the 'interested' message from 1003
[2020/12/12 00:52:31]: Peer 1001 received the 'interested' message from 1009
[2020/12/12 00:52:31]: Peer 1001 received the 'interested' message from 1009
[2020/12/12 00:52:31]: Peer 1001 received the 'interested' message from 1003
[2020/12/12 00:52:31]: Peer 1001 received the 'interested' message from 1003
[2020/12/12 00:52:31]: Peer 1001 received the 'interested' message from 1003
[2020/12/12 00:52:31]: Peer 1001 received the 'interested' message from 1007
[2020/12/12 00:52:31]: Peer 1001 received the 'interested' message from 1007
[2020/12/12 00:52:31]: Peer 1001 received the 'interested' message from 1004
[2020/12/12 00:52:31]: Peer 1001 received the 'interested' message from 1004
[2020/12/12 00:52:31]: Peer 1001 received the 'interested' message from 1004
[2020/12/12 00:52:31]: Peer 1001 received the 'interested' message from 1005
[2020/12/12 00:52:31]: Peer 1001 has downloaded the piece 28 from 1006. Now the number of pieces it has is 47
[2020/12/12 00:52:31]: Peer 1001 received the 'interested' message from 1007
[2020/12/12 00:52:31]: Peer 1001 received the 'interested' message from 1009
[2020/12/12 00:52:31]: Peer 1001 received the 'interested' message from 1008
[2020/12/12 00:52:31]: Peer 1001 has downloaded the piece 41 from 1002. Now the number of pieces it has is 48
[2020/12/12 00:52:31]: Peer 1001 received the 'interested' message from 1007
[2020/12/12 00:52:31]: Peer 1001 has downloaded the piece 29 from 1006. Now the number of pieces it has is 49
[2020/12/12 00:52:31]: Peer 1001 received the 'interested' message from 1005
[2020/12/12 00:52:31]: Peer 1001 received the 'interested' message from 1005
[2020/12/12 00:52:31]: Peer 1001 received the 'interested' message from 1008
[2020/12/12 00:52:31]: Peer 1001 received the 'interested' message from 1008
[2020/12/12 00:52:31]: Peer 1001 received the 'interested' message from 1003
[2020/12/12 00:52:31]: Peer 1001 received the 'interested' message from 1004
[2020/12/12 00:52:31]: Peer 1001 received the 'interested' message from 1007
[2020/12/12 00:52:31]: Peer 1001 received the 'interested' message from 1009
[2020/12/12 00:52:31]: Peer 1001 received the 'interested' message from 1009
[2020/12/12 00:52:31]: Peer 1001 received the 'interested' message from 1003
[2020/12/12 00:52:31]: Peer 1001 received the 'interested' message from 1003
[2020/12/12 00:52:31]: Peer 1001 received the 'interested' message from 1004
[2020/12/12 00:52:31]: Peer 1001 received the 'interested' message from 1004
[2020/12/12 00:52:31]: Peer 1001 has downloaded the piece 54 from 1002. Now the number of pieces it has is 50
[2020/12/12 00:52:31]: Peer 1001 received the 'interested' message from 1005
[2020/12/12 00:52:31]: Peer 1001 received the 'interested' message from 1005
[2020/12/12 00:52:31]: Peer 1001 has downloaded the piece 48 from 1006. Now the number of pieces it has is 51
[2020/12/12 00:52:31]: Peer 1001 received the 'interested' message from 1007
[2020/12/12 00:52:31]: Peer 1001 received the 'interested' message from 1009
[2020/12/12 00:52:31]: Peer 1001 received the 'interested' message from 1007
[2020/12/12 00:52:31]: Peer 1001 received the 'interested' message from 1008
[2020/12/12 00:52:31]: Peer 1001 received the 'interested' message from 1009
[2020/12/12 00:52:31]: Peer 1001 received the 'interested' message from 1003
[2020/12/12 00:52:31]: Peer 1001 received the 'interested' message from 1003
[2020/12/12 00:52:31]: Peer 1001 received the 'interested' message from 1004
[2020/12/12 00:52:31]: Peer 1001 received the 'interested' message from 1008
[2020/12/12 00:52:31]: Peer 1001 has downloaded the piece 36 from 1002. Now the number of pieces it has is 52
[2020/12/12 00:52:31]: Peer 1001 received the 'interested' message from 1007
[2020/12/12 00:52:31]: Peer 1001 received the 'interested' message from 1007
[2020/12/12 00:52:31]: Peer 1001 has downloaded the piece 3 from 1006. Now the number of pieces it has is 53
[2020/12/12 00:52:31]: Peer 1001 received the 'interested' message from 1005
[2020/12/12 00:52:31]: Peer 1001 received the 'interested' message from 1005
[2020/12/12 00:52:31]: Peer 1001 received the 'interested' message from 1009
[2020/12/12 00:52:31]: Peer 1001 received the 'interested' message from 1004
[2020/12/12 00:52:31]: Peer 1001 received the 'interested' message from 1009
[2020/12/12 00:52:31]: Peer 1001 received the 'interested' message from 1008
[2020/12/12 00:52:31]: Peer 1001 received the 'interested' message from 1003
[2020/12/12 00:52:31]: Peer 1001 received the 'interested' message from 1003
[2020/12/12 00:52:31]: Peer 1001 received the 'interested' message from 1004
[2020/12/12 00:52:31]: Peer 1001 received the 'interested' message from 1004
[2020/12/12 00:52:31]: Peer 1001 received the 'interested' message from 1008
[2020/12/12 00:52:31]: Peer 1001 has downloaded the piece 1 from 1002. Now the number of pieces it has is 54
[2020/12/12 00:52:31]: Peer 1001 received the 'interested' message from 1007
[2020/12/12 00:52:31]: Peer 1001 has downloaded the piece 11 from 1006. Now the number of pieces it has is 55
[2020/12/12 00:52:31]: Peer 1001 received the 'interested' message from 1007
[2020/12/12 00:52:31]: Peer 1001 received the 'interested' message from 1008
[2020/12/12 00:52:31]: Peer 1001 received the 'interested' message from 1008
[2020/12/12 00:52:31]: Peer 1001 received the 'interested' message from 1005
[2020/12/12 00:52:31]: Peer 1001 received the 'interested' message from 1005
[2020/12/12 00:52:31]: Peer 1001 received the 'interested' message from 1009
[2020/12/12 00:52:31]: Peer 1001 received the 'interested' message from 1009
[2020/12/12 00:52:31]: Peer 1001 received the 'interested' message from 1003
[2020/12/12 00:52:31]: Peer 1001 received the 'interested' message from 1003
[2020/12/12 00:52:31]: Peer 1001 has downloaded the piece 47 from 1002. Now the number of pieces it has is 57
[2020/12/12 00:52:31]: Peer 1001 has downloaded the piece 39 from 1006. Now the number of pieces it has is 57
[2020/12/12 00:52:31]: Peer 1001 received the 'interested' message from 1004
[2020/12/12 00:52:31]: Peer 1001 received the 'interested' message from 1004
[2020/12/12 00:52:31]: Peer 1001 received the 'interested' message from 1005
[2020/12/12 00:52:31]: Peer 1001 received the 'interested' message from 1005
[2020/12/12 00:52:31]: Peer 1001 received the 'interested' message from 1008
[2020/12/12 00:52:31]: Peer 1001 received the 'interested' message from 1008
[2020/12/12 00:52:31]: Peer 1001 received the 'interested' message from 1007
[2020/12/12 00:52:31]: Peer 1001 received the 'interested' message from 1007
[2020/12/12 00:52:31]: Peer 1001 has the preferred neighbors 1006, 1002, 1008
[2020/12/12 00:52:31]: Peer 1001 received the 'interested' message from 1009
[2020/12/12 00:52:31]: Peer 1001 received the 'interested' message from 1009
[2020/12/12 00:52:31]: Peer 1001 received the 'interested' message from 1003
[2020/12/12 00:52:31]: Peer 1001 received the 'interested' message from 1003
[2020/12/12 00:52:31]: Peer 1001 received the 'interested' message from 1004
[2020/12/12 00:52:31]: Peer 1001 has downloaded the piece 49 from 1002. Now the number of pieces it has is 58
[2020/12/12 00:52:31]: Peer 1001 has downloaded the piece 6 from 1006. Now the number of pieces it has is 59
[2020/12/12 00:52:31]: Peer 1001 received the 'interested' message from 1004
Peer 1008 requested for piece 20
[2020/12/12 00:52:31]: Peer 1001 received the 'interested' message from 1008
[2020/12/12 00:52:31]: Peer 1001 received the 'interested' message from 1008
[2020/12/12 00:52:31]: Peer 1001 received the 'interested' message from 1003
[2020/12/12 00:52:31]: Peer 1001 received the 'interested' message from 1003
[2020/12/12 00:52:31]: Peer 1001 received the 'interested' message from 1007
[2020/12/12 00:52:31]: Peer 1001 received the 'interested' message from 1007
[2020/12/12 00:52:31]: Peer 1001 received the 'interested' message from 1009
[2020/12/12 00:52:31]: Peer 1001 received the 'interested' message from 1009
[2020/12/12 00:52:31]: Peer 1001 received the 'interested' message from 1005
[2020/12/12 00:52:31]: Peer 1001 received the 'interested' message from 1005
[2020/12/12 00:52:31]: Peer 1001 received the 'interested' message from 1005
[2020/12/12 00:52:31]: Peer 1001 received the 'interested' message from 1005
[2020/12/12 00:52:31]: Peer 1001 received the 'not interested' message from 1002
[2020/12/12 00:52:31]: Peer 1001 has downloaded the piece 22 from 1002. Now the number of pieces it has is 60
[2020/12/12 00:52:31]: Peer 1001 received the 'interested' message from 1004
[2020/12/12 00:52:31]: Peer 1001 received the 'interested' message from 1004
[2020/12/12 00:52:31]: Peer 1001 received the 'not interested' message from 1006
[2020/12/12 00:52:31]: Peer 1001 has downloaded the piece 43 from 1006. Now the number of pieces it has is 61
[2020/12/12 00:52:31]: Peer 1001 received the 'interested' message from 1009
[2020/12/12 00:52:31]: Peer 1001 received the 'interested' message from 1009
Peer 1008 requested for piece 64
[2020/12/12 00:52:32]: Peer 1001 received the 'interested' message from 1007
[2020/12/12 00:52:32]: Peer 1001 received the 'interested' message from 1004
[2020/12/12 00:52:32]: Peer 1001 received the 'interested' message from 1004
[2020/12/12 00:52:32]: Peer 1001 received the 'interested' message from 1003
[2020/12/12 00:52:32]: Peer 1001 received the 'interested' message from 1003
[2020/12/12 00:52:32]: Peer 1001 has downloaded the piece 17 from 1002. Now the number of pieces it has is 62
[2020/12/12 00:52:32]: Peer 1001 received the 'interested' message from 1005
[2020/12/12 00:52:32]: Peer 1001 received the 'interested' message from 1005
[2020/12/12 00:52:32]: Peer 1001 received the 'interested' message from 1007
[2020/12/12 00:52:32]: Peer 1001 received the 'interested' message from 1007
[2020/12/12 00:52:32]: Peer 1001 has downloaded the piece 44 from 1006. Now the number of pieces it has is 63
[2020/12/12 00:52:32]: Peer 1001 received the 'interested' message from 1007
[2020/12/12 00:52:32]: Peer 1001 received the ‘have’ message from 1008 for the piece 20
[2020/12/12 00:52:32]: Peer 1001 received the 'interested' message from 1008
[2020/12/12 00:52:32]: Peer 1001 received the 'interested' message from 1008
Peer 1008 requested for piece 52
[2020/12/12 00:52:32]: Peer 1001 received the ‘have’ message from 1008 for the piece 64
[2020/12/12 00:52:32]: Peer 1001 received the 'interested' message from 1008
[2020/12/12 00:52:32]: Peer 1001 received the 'interested' message from 1008
Peer 1008 requested for piece 28
[2020/12/12 00:52:32]: Peer 1001 received the ‘have’ message from 1008 for the piece 52
Peer 1008 requested for piece 15
[2020/12/12 00:52:32]: Peer 1001 received the 'interested' message from 1009
[2020/12/12 00:52:32]: Peer 1001 received the 'interested' message from 1009
[2020/12/12 00:52:32]: Peer 1001 received the 'interested' message from 1003
[2020/12/12 00:52:32]: Peer 1001 received the 'interested' message from 1003
[2020/12/12 00:52:32]: Peer 1001 received the 'interested' message from 1004
[2020/12/12 00:52:32]: Peer 1001 received the 'interested' message from 1004
[2020/12/12 00:52:32]: Peer 1001 received the ‘have’ message from 1008 for the piece 28
Peer 1008 requested for piece 21
[2020/12/12 00:52:32]: Peer 1001 received the ‘have’ message from 1008 for the piece 15
Peer 1008 requested for piece 18
[2020/12/12 00:52:32]: Peer 1001 received the ‘have’ message from 1008 for the piece 21
Peer 1008 requested for piece 7
[2020/12/12 00:52:32]: Peer 1001 received the ‘have’ message from 1008 for the piece 18
Peer 1008 requested for piece 38
[2020/12/12 00:52:32]: Peer 1001 received the ‘have’ message from 1008 for the piece 7
Peer 1008 requested for piece 42
[2020/12/12 00:52:32]: Peer 1001 received the ‘have’ message from 1008 for the piece 38
Peer 1008 requested for piece 31
[2020/12/12 00:52:32]: Peer 1001 received the ‘have’ message from 1008 for the piece 42
Peer 1008 requested for piece 40
[2020/12/12 00:52:32]: Peer 1001 received the ‘have’ message from 1008 for the piece 31
Peer 1008 requested for piece 43
[2020/12/12 00:52:32]: Peer 1001 received the ‘have’ message from 1008 for the piece 40
Peer 1008 requested for piece 55
[2020/12/12 00:52:32]: Peer 1001 received the 'interested' message from 1005
[2020/12/12 00:52:32]: Peer 1001 has downloaded the piece 45 from 1006. Now the number of pieces it has is 64
[2020/12/12 00:52:32]: Peer 1001 has downloaded the piece 53 from 1006. Now the number of pieces it has is 65
[2020/12/12 00:52:32]: Peer 1001 has downloaded the piece 61 from 1006. Now the number of pieces it has is 66
[2020/12/12 00:52:32]: Peer 1001 received the 'interested' message from 1005
[2020/12/12 00:52:32]: Peer 1001 received the 'interested' message from 1009
[2020/12/12 00:52:32]: Peer 1001 received the ‘have’ message from 1008 for the piece 43
[2020/12/12 00:52:32]: Peer 1001 received the 'interested' message from 1009
Peer 1008 requested for piece 24
[2020/12/12 00:52:32]: Peer 1001 received the ‘have’ message from 1008 for the piece 55
[2020/12/12 00:52:32]: Peer 1001 received the 'interested' message from 1008
[2020/12/12 00:52:32]: Peer 1001 received the 'interested' message from 1008
[2020/12/12 00:52:32]: Peer 1001 received the 'interested' message from 1008
Peer 1008 requested for piece 39
[2020/12/12 00:52:32]: Peer 1001 received the ‘have’ message from 1008 for the piece 24
Peer 1008 requested for piece 29
[2020/12/12 00:52:32]: Peer 1001 received the 'interested' message from 1005
[2020/12/12 00:52:32]: Peer 1001 received the ‘have’ message from 1008 for the piece 39
Peer 1008 requested for piece 23
[2020/12/12 00:52:32]: Peer 1001 received the ‘have’ message from 1008 for the piece 29
[2020/12/12 00:52:32]: Peer 1001 received the 'interested' message from 1005
[2020/12/12 00:52:32]: Peer 1001 received the 'interested' message from 1009
[2020/12/12 00:52:32]: Peer 1001 received the 'interested' message from 1005
[2020/12/12 00:52:32]: Peer 1001 has downloaded the piece 65 from 1006. Now the number of pieces it has is 67
[2020/12/12 00:52:32]: Peer 1001 has downloaded the complete file
[2020/12/12 00:52:32]: Peer 1001 received the 'interested' message from 1007
[2020/12/12 00:52:32]: Peer 1001 received the 'interested' message from 1007
[2020/12/12 00:52:32]: Peer 1001 received the 'interested' message from 1007
[2020/12/12 00:52:32]: Peer 1001 received the 'interested' message from 1007
[2020/12/12 00:52:32]: Peer 1001 received the 'interested' message from 1003
[2020/12/12 00:52:32]: Peer 1001 received the 'interested' message from 1003
[2020/12/12 00:52:32]: Peer 1001 received the 'interested' message from 1003
[2020/12/12 00:52:32]: Peer 1001 received the 'interested' message from 1007
[2020/12/12 00:52:32]: Peer 1001 received the 'interested' message from 1004
[2020/12/12 00:52:32]: Peer 1001 received the 'interested' message from 1004
[2020/12/12 00:52:32]: Peer 1001 received the 'interested' message from 1004
Connection completed for 1002
Peer 1008 requested for piece 46
[2020/12/12 00:52:32]: Peer 1001 received the ‘have’ message from 1008 for the piece 23
[2020/12/12 00:52:32]: Peer 1001 received the 'interested' message from 1008
[2020/12/12 00:52:32]: Peer 1001 received the 'interested' message from 1009
Peer 1008 requested for piece 30
[2020/12/12 00:52:32]: Peer 1001 received the ‘have’ message from 1008 for the piece 46
Peer 1008 requested for piece 45
[2020/12/12 00:52:32]: Peer 1001 received the ‘have’ message from 1008 for the piece 30
[2020/12/12 00:52:32]: Peer 1001 received the 'interested' message from 1005
[2020/12/12 00:52:32]: Peer 1001 received the 'interested' message from 1004
[2020/12/12 00:52:32]: Peer 1001 received the 'interested' message from 1003
Connection completed for 1006
[2020/12/12 00:52:32]: Peer 1001 received the 'interested' message from 1007
Peer 1008 requested for piece 62
[2020/12/12 00:52:32]: Peer 1001 received the ‘have’ message from 1008 for the piece 45
Peer 1008 requested for piece 26
[2020/12/12 00:52:32]: Peer 1001 received the ‘have’ message from 1008 for the piece 62
Peer 1008 requested for piece 65
[2020/12/12 00:52:32]: Peer 1001 received the ‘have’ message from 1008 for the piece 26
Peer 1008 requested for piece 61
[2020/12/12 00:52:32]: Peer 1001 received the ‘have’ message from 1008 for the piece 65
Peer 1008 requested for piece 56
[2020/12/12 00:52:32]: Peer 1001 received the ‘have’ message from 1008 for the piece 61
Peer 1008 requested for piece 8
[2020/12/12 00:52:32]: Peer 1001 received the ‘have’ message from 1008 for the piece 56
Peer 1008 requested for piece 2
[2020/12/12 00:52:32]: Peer 1001 received the ‘have’ message from 1008 for the piece 8
Peer 1008 requested for piece 37
[2020/12/12 00:52:33]: Peer 1001 received the ‘have’ message from 1008 for the piece 2
Peer 1008 requested for piece 48
[2020/12/12 00:52:33]: Peer 1001 received the ‘have’ message from 1008 for the piece 37
Peer 1008 requested for piece 5
[2020/12/12 00:52:33]: Peer 1001 received the ‘have’ message from 1008 for the piece 48
Peer 1008 requested for piece 16
[2020/12/12 00:52:33]: Peer 1001 received the ‘have’ message from 1008 for the piece 5
Peer 1008 requested for piece 9
[2020/12/12 00:52:33]: Peer 1001 received the ‘have’ message from 1008 for the piece 16
Peer 1008 requested for piece 11
[2020/12/12 00:52:33]: Peer 1001 received the ‘have’ message from 1008 for the piece 9
Peer 1008 requested for piece 3
[2020/12/12 00:52:33]: Peer 1001 received the ‘have’ message from 1008 for the piece 11
Peer 1008 requested for piece 1
[2020/12/12 00:52:33]: Peer 1001 received the ‘have’ message from 1008 for the piece 3
Peer 1008 requested for piece 14
[2020/12/12 00:52:33]: Peer 1001 received the ‘have’ message from 1008 for the piece 1
Peer 1008 requested for piece 58
[2020/12/12 00:52:33]: Peer 1001 received the ‘have’ message from 1008 for the piece 14
Peer 1008 requested for piece 54
[2020/12/12 00:52:33]: Peer 1001 received the ‘have’ message from 1008 for the piece 58
Peer 1008 requested for piece 10
[2020/12/12 00:52:33]: Peer 1001 received the ‘have’ message from 1008 for the piece 54
Peer 1008 requested for piece 25
[2020/12/12 00:52:33]: Peer 1001 received the ‘have’ message from 1008 for the piece 10
Peer 1008 requested for piece 19
[2020/12/12 00:52:33]: Peer 1001 received the ‘have’ message from 1008 for the piece 25
Peer 1008 requested for piece 33
[2020/12/12 00:52:33]: Peer 1001 received the ‘have’ message from 1008 for the piece 19
Peer 1008 requested for piece 53
[2020/12/12 00:52:33]: Peer 1001 received the ‘have’ message from 1008 for the piece 33
Peer 1008 requested for piece 34
[2020/12/12 00:52:33]: Peer 1001 received the ‘have’ message from 1008 for the piece 53
Peer 1008 requested for piece 12
[2020/12/12 00:52:33]: Peer 1001 received the ‘have’ message from 1008 for the piece 34
Peer 1008 requested for piece 41
[2020/12/12 00:52:33]: Peer 1001 received the ‘have’ message from 1008 for the piece 12
Peer 1008 requested for piece 51
[2020/12/12 00:52:33]: Peer 1001 received the ‘have’ message from 1008 for the piece 41
Peer 1008 requested for piece 36
[2020/12/12 00:52:33]: Peer 1001 received the ‘have’ message from 1008 for the piece 51
Peer 1008 requested for piece 59
[2020/12/12 00:52:33]: Peer 1001 received the ‘have’ message from 1008 for the piece 36
Peer 1008 requested for piece 66
[2020/12/12 00:52:33]: Peer 1001 received the ‘have’ message from 1008 for the piece 59
Peer 1008 requested for piece 47
[2020/12/12 00:52:33]: Peer 1001 received the ‘have’ message from 1008 for the piece 66
Peer 1008 requested for piece 57
[2020/12/12 00:52:33]: Peer 1001 received the ‘have’ message from 1008 for the piece 47
Peer 1008 requested for piece 50
[2020/12/12 00:52:33]: Peer 1001 received the ‘have’ message from 1008 for the piece 57
Peer 1008 requested for piece 27
[2020/12/12 00:52:33]: Peer 1001 received the ‘have’ message from 1008 for the piece 50
Peer 1008 requested for piece 67
[2020/12/12 00:52:33]: Peer 1001 received the ‘have’ message from 1008 for the piece 27
Peer 1008 requested for piece 63
[2020/12/12 00:52:33]: Peer 1001 received the ‘have’ message from 1008 for the piece 67
Peer 1008 requested for piece 35
[2020/12/12 00:52:33]: Peer 1001 received the ‘have’ message from 1008 for the piece 63
Peer 1008 requested for piece 4
[2020/12/12 00:52:33]: Peer 1001 received the ‘have’ message from 1008 for the piece 35
Peer 1008 requested for piece 60
[2020/12/12 00:52:33]: Peer 1001 received the ‘have’ message from 1008 for the piece 4
Peer 1008 requested for piece 13
[2020/12/12 00:52:33]: Peer 1001 received the ‘have’ message from 1008 for the piece 60
Peer 1008 requested for piece 32
[2020/12/12 00:52:33]: Peer 1001 received the ‘have’ message from 1008 for the piece 13
Peer 1008 requested for piece 49
[2020/12/12 00:52:33]: Peer 1001 received the ‘have’ message from 1008 for the piece 32
Peer 1008 requested for piece 44
[2020/12/12 00:52:33]: Peer 1001 received the ‘have’ message from 1008 for the piece 49
Peer 1008 requested for piece 17
[2020/12/12 00:52:33]: Peer 1001 received the ‘have’ message from 1008 for the piece 44
Peer 1008 requested for piece 22
[2020/12/12 00:52:33]: Peer 1001 received the ‘have’ message from 1008 for the piece 17
Peer 1008 requested for piece 6
[2020/12/12 00:52:33]: Peer 1001 received the ‘have’ message from 1008 for the piece 22
[2020/12/12 00:52:33]: Peer 1001 received the ‘have’ message from 1008 for the piece 6
Connection completed for 1008
[2020/12/12 00:52:36]: Peer 1001 has the preferred neighbors 1004, 1003, 1005
Peer 1004 requested for piece 64
Peer 1005 requested for piece 29
Peer 1004 requested for piece 35
Peer 1005 requested for piece 32
Peer 1003 requested for piece 35
[2020/12/12 00:52:36]: Peer 1001 received the ‘have’ message from 1005 for the piece 29
Peer 1005 requested for piece 1
[2020/12/12 00:52:36]: Peer 1001 received the ‘have’ message from 1005 for the piece 32
[2020/12/12 00:52:36]: Peer 1001 received the ‘have’ message from 1004 for the piece 64
Peer 1004 requested for piece 24
[2020/12/12 00:52:36]: Peer 1001 received the ‘have’ message from 1004 for the piece 35
Peer 1004 requested for piece 13
[2020/12/12 00:52:36]: Peer 1001 received the ‘have’ message from 1004 for the piece 24
Peer 1003 requested for piece 22
[2020/12/12 00:52:37]: Peer 1001 received the ‘have’ message from 1003 for the piece 35
Peer 1003 requested for piece 44
[2020/12/12 00:52:37]: Peer 1001 received the ‘have’ message from 1003 for the piece 22
Peer 1003 requested for piece 62
[2020/12/12 00:52:37]: Peer 1001 received the ‘have’ message from 1003 for the piece 44
Peer 1005 requested for piece 27
[2020/12/12 00:52:37]: Peer 1001 received the ‘have’ message from 1005 for the piece 1
Peer 1005 requested for piece 46
[2020/12/12 00:52:37]: Peer 1001 received the ‘have’ message from 1005 for the piece 27
Peer 1005 requested for piece 41
[2020/12/12 00:52:37]: Peer 1001 received the ‘have’ message from 1005 for the piece 46
Peer 1003 requested for piece 36
[2020/12/12 00:52:37]: Peer 1001 received the ‘have’ message from 1003 for the piece 62
Peer 1003 requested for piece 52
[2020/12/12 00:52:37]: Peer 1001 received the ‘have’ message from 1003 for the piece 36
Peer 1004 requested for piece 41
[2020/12/12 00:52:37]: Peer 1001 received the ‘have’ message from 1004 for the piece 13
Peer 1003 requested for piece 26
[2020/12/12 00:52:37]: Peer 1001 received the ‘have’ message from 1003 for the piece 52
Peer 1005 requested for piece 9
[2020/12/12 00:52:37]: Peer 1001 received the ‘have’ message from 1005 for the piece 41
Peer 1003 requested for piece 3
[2020/12/12 00:52:37]: Peer 1001 received the ‘have’ message from 1003 for the piece 26
Peer 1003 requested for piece 16
[2020/12/12 00:52:37]: Peer 1001 received the ‘have’ message from 1003 for the piece 3
Peer 1003 requested for piece 55
[2020/12/12 00:52:37]: Peer 1001 received the ‘have’ message from 1003 for the piece 16
Peer 1003 requested for piece 28
[2020/12/12 00:52:37]: Peer 1001 received the ‘have’ message from 1003 for the piece 55
Peer 1005 requested for piece 62
[2020/12/12 00:52:37]: Peer 1001 received the ‘have’ message from 1005 for the piece 9
Peer 1005 requested for piece 2
[2020/12/12 00:52:37]: Peer 1001 received the ‘have’ message from 1005 for the piece 62
Peer 1004 requested for piece 47
[2020/12/12 00:52:37]: Peer 1001 received the ‘have’ message from 1004 for the piece 41
Peer 1004 requested for piece 40
Peer 1005 requested for piece 8
[2020/12/12 00:52:37]: Peer 1001 received the ‘have’ message from 1004 for the piece 47
[2020/12/12 00:52:37]: Peer 1001 received the ‘have’ message from 1005 for the piece 2
Peer 1003 requested for piece 54
Peer 1005 requested for piece 45
[2020/12/12 00:52:37]: Peer 1001 received the ‘have’ message from 1005 for the piece 8
Peer 1005 requested for piece 40
[2020/12/12 00:52:37]: Peer 1001 received the ‘have’ message from 1003 for the piece 28
[2020/12/12 00:52:37]: Peer 1001 received the ‘have’ message from 1005 for the piece 45
Peer 1005 requested for piece 47
[2020/12/12 00:52:37]: Peer 1001 received the ‘have’ message from 1005 for the piece 40
Peer 1005 requested for piece 61
[2020/12/12 00:52:37]: Peer 1001 received the ‘have’ message from 1005 for the piece 47
Peer 1005 requested for piece 14
[2020/12/12 00:52:37]: Peer 1001 received the ‘have’ message from 1005 for the piece 61
Peer 1005 requested for piece 55
[2020/12/12 00:52:37]: Peer 1001 received the ‘have’ message from 1005 for the piece 14
Peer 1005 requested for piece 49
[2020/12/12 00:52:37]: Peer 1001 received the ‘have’ message from 1005 for the piece 55
Peer 1005 requested for piece 3
[2020/12/12 00:52:37]: Peer 1001 received the ‘have’ message from 1005 for the piece 49
Peer 1005 requested for piece 58
[2020/12/12 00:52:37]: Peer 1001 received the ‘have’ message from 1005 for the piece 3
Peer 1005 requested for piece 51
[2020/12/12 00:52:37]: Peer 1001 received the ‘have’ message from 1005 for the piece 58
Peer 1005 requested for piece 59
[2020/12/12 00:52:37]: Peer 1001 received the ‘have’ message from 1005 for the piece 51
Peer 1005 requested for piece 17
[2020/12/12 00:52:37]: Peer 1001 received the ‘have’ message from 1005 for the piece 59
Peer 1005 requested for piece 35
[2020/12/12 00:52:37]: Peer 1001 received the ‘have’ message from 1005 for the piece 17
Peer 1005 requested for piece 38
[2020/12/12 00:52:37]: Peer 1001 received the ‘have’ message from 1005 for the piece 35
Peer 1005 requested for piece 30
[2020/12/12 00:52:37]: Peer 1001 received the ‘have’ message from 1005 for the piece 38
Peer 1005 requested for piece 23
[2020/12/12 00:52:37]: Peer 1001 received the ‘have’ message from 1005 for the piece 30
Peer 1004 requested for piece 58
[2020/12/12 00:52:37]: Peer 1001 received the ‘have’ message from 1004 for the piece 40
Peer 1004 requested for piece 37
[2020/12/12 00:52:37]: Peer 1001 received the ‘have’ message from 1004 for the piece 58
Peer 1004 requested for piece 7
[2020/12/12 00:52:37]: Peer 1001 received the ‘have’ message from 1004 for the piece 37
Peer 1004 requested for piece 22
[2020/12/12 00:52:37]: Peer 1001 received the ‘have’ message from 1004 for the piece 7
Peer 1003 requested for piece 21
[2020/12/12 00:52:37]: Peer 1001 received the ‘have’ message from 1003 for the piece 54
[2020/12/12 00:52:37]: Peer 1001 received the ‘have’ message from 1009 for the piece 4
[2020/12/12 00:52:37]: Peer 1001 received the ‘have’ message from 1009 for the piece 57
Peer 1003 requested for piece 42
[2020/12/12 00:52:37]: Peer 1001 received the ‘have’ message from 1003 for the piece 21
Peer 1003 requested for piece 67
[2020/12/12 00:52:37]: Peer 1001 received the ‘have’ message from 1003 for the piece 42
Peer 1004 requested for piece 63
[2020/12/12 00:52:37]: Peer 1001 received the ‘have’ message from 1004 for the piece 22
Peer 1004 requested for piece 56
[2020/12/12 00:52:37]: Peer 1001 received the ‘have’ message from 1004 for the piece 63
Peer 1005 requested for piece 44
Peer 1004 requested for piece 45
[2020/12/12 00:52:37]: Peer 1001 received the ‘have’ message from 1004 for the piece 56
Peer 1004 requested for piece 23
[2020/12/12 00:52:37]: Peer 1001 received the ‘have’ message from 1005 for the piece 23
Peer 1005 requested for piece 42
[2020/12/12 00:52:37]: Peer 1001 received the ‘have’ message from 1005 for the piece 44
Peer 1005 requested for piece 43
[2020/12/12 00:52:37]: Peer 1001 received the ‘have’ message from 1005 for the piece 42
Peer 1005 requested for piece 7
Peer 1003 requested for piece 56
[2020/12/12 00:52:37]: Peer 1001 received the ‘have’ message from 1003 for the piece 67
[2020/12/12 00:52:37]: Peer 1001 received the ‘have’ message from 1005 for the piece 43
Peer 1005 requested for piece 22
[2020/12/12 00:52:37]: Peer 1001 received the ‘have’ message from 1005 for the piece 7
Peer 1005 requested for piece 21
[2020/12/12 00:52:37]: Peer 1001 received the ‘have’ message from 1005 for the piece 22
Peer 1005 requested for piece 5
[2020/12/12 00:52:37]: Peer 1001 received the ‘have’ message from 1005 for the piece 21
[2020/12/12 00:52:37]: Peer 1001 received the ‘have’ message from 1004 for the piece 45
Peer 1004 requested for piece 31
[2020/12/12 00:52:37]: Peer 1001 received the ‘have’ message from 1004 for the piece 23
[2020/12/12 00:52:37]: Peer 1001 received the ‘have’ message from 1009 for the piece 37
[2020/12/12 00:52:37]: Peer 1001 received the ‘have’ message from 1009 for the piece 30
[2020/12/12 00:52:37]: Peer 1001 received the ‘have’ message from 1009 for the piece 61
[2020/12/12 00:52:37]: Peer 1001 received the ‘have’ message from 1009 for the piece 15
Peer 1003 requested for piece 43
[2020/12/12 00:52:37]: Peer 1001 received the ‘have’ message from 1003 for the piece 56
Peer 1003 requested for piece 14
[2020/12/12 00:52:37]: Peer 1001 received the ‘have’ message from 1003 for the piece 43
[2020/12/12 00:52:37]: Peer 1001 received the ‘have’ message from 1009 for the piece 51
Peer 1003 requested for piece 1
[2020/12/12 00:52:37]: Peer 1001 received the ‘have’ message from 1003 for the piece 14
Peer 1003 requested for piece 66
[2020/12/12 00:52:37]: Peer 1001 received the ‘have’ message from 1003 for the piece 1
Peer 1003 requested for piece 31
[2020/12/12 00:52:37]: Peer 1001 received the ‘have’ message from 1003 for the piece 66
Peer 1003 requested for piece 61
[2020/12/12 00:52:37]: Peer 1001 received the ‘have’ message from 1003 for the piece 31
Peer 1004 requested for piece 29
Peer 1003 requested for piece 29
[2020/12/12 00:52:37]: Peer 1001 received the ‘have’ message from 1003 for the piece 61
Peer 1003 requested for piece 37
[2020/12/12 00:52:37]: Peer 1001 received the ‘have’ message from 1003 for the piece 29
[2020/12/12 00:52:37]: Peer 1001 received the ‘have’ message from 1004 for the piece 31
Peer 1003 requested for piece 12
[2020/12/12 00:52:37]: Peer 1001 received the ‘have’ message from 1003 for the piece 37
Peer 1003 requested for piece 39
[2020/12/12 00:52:37]: Peer 1001 received the ‘have’ message from 1003 for the piece 12
Peer 1003 requested for piece 18
[2020/12/12 00:52:37]: Peer 1001 received the ‘have’ message from 1003 for the piece 39
Peer 1003 requested for piece 58
Peer 1005 requested for piece 24
[2020/12/12 00:52:37]: Peer 1001 received the ‘have’ message from 1003 for the piece 18
[2020/12/12 00:52:37]: Peer 1001 received the ‘have’ message from 1005 for the piece 5
Peer 1003 requested for piece 4
[2020/12/12 00:52:37]: Peer 1001 received the ‘have’ message from 1003 for the piece 58
Peer 1004 requested for piece 18
[2020/12/12 00:52:37]: Peer 1001 received the ‘have’ message from 1004 for the piece 29
Peer 1004 requested for piece 15
[2020/12/12 00:52:37]: Peer 1001 received the ‘have’ message from 1004 for the piece 18
Peer 1005 requested for piece 20
Peer 1004 requested for piece 67
[2020/12/12 00:52:37]: Peer 1001 received the ‘have’ message from 1004 for the piece 15
[2020/12/12 00:52:37]: Peer 1001 received the ‘have’ message from 1005 for the piece 24
Peer 1004 requested for piece 28
[2020/12/12 00:52:37]: Peer 1001 received the ‘have’ message from 1004 for the piece 67
Peer 1004 requested for piece 44
[2020/12/12 00:52:37]: Peer 1001 received the ‘have’ message from 1004 for the piece 28
Peer 1004 requested for piece 43
[2020/12/12 00:52:37]: Peer 1001 received the ‘have’ message from 1004 for the piece 44
Peer 1004 requested for piece 30
[2020/12/12 00:52:37]: Peer 1001 received the ‘have’ message from 1004 for the piece 43
Peer 1004 requested for piece 48
[2020/12/12 00:52:37]: Peer 1001 received the ‘have’ message from 1004 for the piece 30
Peer 1004 requested for piece 61
[2020/12/12 00:52:37]: Peer 1001 received the ‘have’ message from 1004 for the piece 48
Peer 1004 requested for piece 32
[2020/12/12 00:52:37]: Peer 1001 received the ‘have’ message from 1004 for the piece 61
Peer 1004 requested for piece 39
[2020/12/12 00:52:37]: Peer 1001 received the ‘have’ message from 1004 for the piece 32
Peer 1004 requested for piece 1
[2020/12/12 00:52:37]: Peer 1001 received the ‘have’ message from 1004 for the piece 39
Peer 1004 requested for piece 34
[2020/12/12 00:52:37]: Peer 1001 received the ‘have’ message from 1004 for the piece 1
Peer 1004 requested for piece 59
[2020/12/12 00:52:37]: Peer 1001 received the ‘have’ message from 1004 for the piece 34
Peer 1004 requested for piece 49
[2020/12/12 00:52:37]: Peer 1001 received the ‘have’ message from 1004 for the piece 59
Peer 1004 requested for piece 36
[2020/12/12 00:52:37]: Peer 1001 received the ‘have’ message from 1004 for the piece 49
Peer 1004 requested for piece 19
[2020/12/12 00:52:37]: Peer 1001 received the ‘have’ message from 1004 for the piece 36
Peer 1004 requested for piece 26
[2020/12/12 00:52:37]: Peer 1001 received the ‘have’ message from 1004 for the piece 19
Peer 1004 requested for piece 8
[2020/12/12 00:52:37]: Peer 1001 received the ‘have’ message from 1004 for the piece 26
Peer 1004 requested for piece 65
Peer 1005 requested for piece 10
[2020/12/12 00:52:37]: Peer 1001 received the ‘have’ message from 1009 for the piece 11
[2020/12/12 00:52:37]: Peer 1001 received the ‘have’ message from 1009 for the piece 2
[2020/12/12 00:52:37]: Peer 1001 received the ‘have’ message from 1009 for the piece 54
[2020/12/12 00:52:37]: Peer 1001 received the ‘have’ message from 1005 for the piece 20
[2020/12/12 00:52:37]: Peer 1001 received the ‘have’ message from 1004 for the piece 8
Peer 1003 requested for piece 8
[2020/12/12 00:52:37]: Peer 1001 received the ‘have’ message from 1003 for the piece 4
Peer 1004 requested for piece 2
[2020/12/12 00:52:37]: Peer 1001 received the ‘have’ message from 1004 for the piece 65
Peer 1004 requested for piece 9
[2020/12/12 00:52:37]: Peer 1001 received the ‘have’ message from 1004 for the piece 2
Peer 1004 requested for piece 60
[2020/12/12 00:52:37]: Peer 1001 received the ‘have’ message from 1004 for the piece 9
Peer 1004 requested for piece 46
Peer 1003 requested for piece 38
[2020/12/12 00:52:37]: Peer 1001 received the ‘have’ message from 1003 for the piece 8
[2020/12/12 00:52:37]: Peer 1001 received the ‘have’ message from 1004 for the piece 60
Peer 1004 requested for piece 17
[2020/12/12 00:52:37]: Peer 1001 received the ‘have’ message from 1004 for the piece 46
Peer 1003 requested for piece 7
[2020/12/12 00:52:37]: Peer 1001 received the ‘have’ message from 1003 for the piece 38
Peer 1003 requested for piece 49
[2020/12/12 00:52:37]: Peer 1001 received the ‘have’ message from 1003 for the piece 7
Peer 1003 requested for piece 15
[2020/12/12 00:52:37]: Peer 1001 received the ‘have’ message from 1003 for the piece 49
Peer 1004 requested for piece 25
[2020/12/12 00:52:37]: Peer 1001 received the ‘have’ message from 1004 for the piece 17
Peer 1004 requested for piece 10
[2020/12/12 00:52:37]: Peer 1001 received the ‘have’ message from 1004 for the piece 25
Peer 1003 requested for piece 19
Peer 1004 requested for piece 54
[2020/12/12 00:52:37]: Peer 1001 received the ‘have’ message from 1003 for the piece 15
[2020/12/12 00:52:37]: Peer 1001 received the ‘have’ message from 1004 for the piece 10
Peer 1004 requested for piece 53
Peer 1003 requested for piece 53
[2020/12/12 00:52:37]: Peer 1001 received the ‘have’ message from 1004 for the piece 54
[2020/12/12 00:52:37]: Peer 1001 received the ‘have’ message from 1003 for the piece 19
Peer 1003 requested for piece 9
Peer 1004 requested for piece 14
[2020/12/12 00:52:37]: Peer 1001 received the ‘have’ message from 1004 for the piece 53
[2020/12/12 00:52:37]: Peer 1001 received the ‘have’ message from 1003 for the piece 53
Peer 1004 requested for piece 20
[2020/12/12 00:52:37]: Peer 1001 received the ‘have’ message from 1004 for the piece 14
Peer 1004 requested for piece 11
[2020/12/12 00:52:37]: Peer 1001 received the ‘have’ message from 1004 for the piece 20
Peer 1005 requested for piece 28
[2020/12/12 00:52:37]: Peer 1001 received the ‘have’ message from 1005 for the piece 10
Peer 1005 requested for piece 64
Peer 1004 requested for piece 16
[2020/12/12 00:52:37]: Peer 1001 received the ‘have’ message from 1004 for the piece 11
Peer 1004 requested for piece 50
[2020/12/12 00:52:37]: Peer 1001 received the ‘have’ message from 1004 for the piece 16
Peer 1004 requested for piece 66
[2020/12/12 00:52:37]: Peer 1001 received the ‘have’ message from 1004 for the piece 50
[2020/12/12 00:52:37]: Peer 1001 received the ‘have’ message from 1005 for the piece 28
Peer 1003 requested for piece 50
[2020/12/12 00:52:37]: Peer 1001 received the ‘have’ message from 1003 for the piece 9
[2020/12/12 00:52:37]: Peer 1001 received the ‘have’ message from 1009 for the piece 20
[2020/12/12 00:52:37]: Peer 1001 received the ‘have’ message from 1009 for the piece 45
[2020/12/12 00:52:37]: Peer 1001 received the ‘have’ message from 1009 for the piece 48
Peer 1004 requested for piece 57
[2020/12/12 00:52:37]: Peer 1001 received the ‘have’ message from 1004 for the piece 66
Peer 1004 requested for piece 27
[2020/12/12 00:52:37]: Peer 1001 received the ‘have’ message from 1004 for the piece 57
[2020/12/12 00:52:37]: Peer 1001 received the ‘have’ message from 1009 for the piece 27
Peer 1005 requested for piece 39
[2020/12/12 00:52:37]: Peer 1001 received the ‘have’ message from 1005 for the piece 64
Peer 1004 requested for piece 38
[2020/12/12 00:52:37]: Peer 1001 received the ‘have’ message from 1004 for the piece 27
Peer 1004 requested for piece 42
[2020/12/12 00:52:37]: Peer 1001 received the ‘have’ message from 1004 for the piece 38
Peer 1004 requested for piece 51
[2020/12/12 00:52:37]: Peer 1001 received the ‘have’ message from 1004 for the piece 42
Peer 1004 requested for piece 5
[2020/12/12 00:52:37]: Peer 1001 received the ‘have’ message from 1004 for the piece 51
Peer 1003 requested for piece 17
[2020/12/12 00:52:37]: Peer 1001 received the ‘have’ message from 1003 for the piece 50
Peer 1003 requested for piece 2
[2020/12/12 00:52:37]: Peer 1001 received the ‘have’ message from 1003 for the piece 17
Peer 1003 requested for piece 64
[2020/12/12 00:52:37]: Peer 1001 received the ‘have’ message from 1003 for the piece 2
[2020/12/12 00:52:37]: Peer 1001 received the ‘have’ message from 1009 for the piece 8
Peer 1005 requested for piece 36
[2020/12/12 00:52:37]: Peer 1001 received the ‘have’ message from 1005 for the piece 39
Peer 1005 requested for piece 11
[2020/12/12 00:52:37]: Peer 1001 received the ‘have’ message from 1005 for the piece 36
Peer 1005 requested for piece 53
[2020/12/12 00:52:37]: Peer 1001 received the ‘have’ message from 1005 for the piece 11
Peer 1005 requested for piece 34
[2020/12/12 00:52:38]: Peer 1001 received the ‘have’ message from 1005 for the piece 53
Peer 1005 requested for piece 52
[2020/12/12 00:52:38]: Peer 1001 received the ‘have’ message from 1005 for the piece 34
Peer 1005 requested for piece 19
[2020/12/12 00:52:38]: Peer 1001 received the ‘have’ message from 1005 for the piece 52
Peer 1005 requested for piece 13
[2020/12/12 00:52:38]: Peer 1001 received the ‘have’ message from 1005 for the piece 19
Peer 1004 requested for piece 12
[2020/12/12 00:52:38]: Peer 1001 received the ‘have’ message from 1004 for the piece 5
[2020/12/12 00:52:38]: Peer 1001 received the ‘have’ message from 1009 for the piece 59
[2020/12/12 00:52:38]: Peer 1001 received the ‘have’ message from 1009 for the piece 41
Peer 1003 requested for piece 24
[2020/12/12 00:52:38]: Peer 1001 received the ‘have’ message from 1003 for the piece 64
Peer 1004 requested for piece 4
[2020/12/12 00:52:38]: Peer 1001 received the ‘have’ message from 1004 for the piece 12
Peer 1005 requested for piece 31
[2020/12/12 00:52:38]: Peer 1001 received the ‘have’ message from 1005 for the piece 13
Peer 1004 requested for piece 3
[2020/12/12 00:52:38]: Peer 1001 received the ‘have’ message from 1004 for the piece 4
Peer 1004 requested for piece 55
[2020/12/12 00:52:38]: Peer 1001 received the ‘have’ message from 1004 for the piece 3
Peer 1005 requested for piece 67
[2020/12/12 00:52:38]: Peer 1001 received the ‘have’ message from 1005 for the piece 31
Peer 1004 requested for piece 6
[2020/12/12 00:52:38]: Peer 1001 received the ‘have’ message from 1004 for the piece 55
Peer 1005 requested for piece 12
[2020/12/12 00:52:38]: Peer 1001 received the ‘have’ message from 1005 for the piece 67
Peer 1005 requested for piece 15
[2020/12/12 00:52:38]: Peer 1001 received the ‘have’ message from 1005 for the piece 12
Peer 1005 requested for piece 60
Peer 1003 requested for piece 47
[2020/12/12 00:52:38]: Peer 1001 received the ‘have’ message from 1005 for the piece 15
Peer 1005 requested for piece 33
[2020/12/12 00:52:38]: Peer 1001 received the ‘have’ message from 1003 for the piece 24
[2020/12/12 00:52:38]: Peer 1001 received the ‘have’ message from 1005 for the piece 60
Peer 1003 requested for piece 10
Peer 1005 requested for piece 54
[2020/12/12 00:52:38]: Peer 1001 received the ‘have’ message from 1003 for the piece 47
[2020/12/12 00:52:38]: Peer 1001 received the ‘have’ message from 1005 for the piece 33
Peer 1005 requested for piece 16
Peer 1003 requested for piece 57
[2020/12/12 00:52:38]: Peer 1001 received the ‘have’ message from 1003 for the piece 10
[2020/12/12 00:52:38]: Peer 1001 received the ‘have’ message from 1009 for the piece 34
[2020/12/12 00:52:38]: Peer 1001 received the ‘have’ message from 1009 for the piece 47
[2020/12/12 00:52:38]: Peer 1001 received the ‘have’ message from 1009 for the piece 9
[2020/12/12 00:52:38]: Peer 1001 received the ‘have’ message from 1009 for the piece 28
Peer 1003 requested for piece 51
[2020/12/12 00:52:38]: Peer 1001 received the ‘have’ message from 1003 for the piece 57
Peer 1004 requested for piece 52
[2020/12/12 00:52:38]: Peer 1001 received the ‘have’ message from 1004 for the piece 6
[2020/12/12 00:52:38]: Peer 1001 received the ‘have’ message from 1005 for the piece 54
Peer 1005 requested for piece 25
[2020/12/12 00:52:38]: Peer 1001 received the ‘have’ message from 1005 for the piece 16
Peer 1003 requested for piece 48
[2020/12/12 00:52:38]: Peer 1001 received the ‘have’ message from 1003 for the piece 51
Peer 1003 requested for piece 40
[2020/12/12 00:52:38]: Peer 1001 received the ‘have’ message from 1003 for the piece 48
Peer 1004 requested for piece 33
[2020/12/12 00:52:38]: Peer 1001 received the ‘have’ message from 1004 for the piece 52
Peer 1004 requested for piece 62
Peer 1005 requested for piece 26
[2020/12/12 00:52:38]: Peer 1001 received the ‘have’ message from 1004 for the piece 33
[2020/12/12 00:52:38]: Peer 1001 received the ‘have’ message from 1005 for the piece 25
Peer 1004 requested for piece 21
Peer 1003 requested for piece 41
[2020/12/12 00:52:38]: Peer 1001 received the ‘have’ message from 1004 for the piece 62
[2020/12/12 00:52:38]: Peer 1001 received the ‘have’ message from 1003 for the piece 40
Peer 1005 requested for piece 18
Peer 1003 requested for piece 59
[2020/12/12 00:52:38]: Peer 1001 received the ‘have’ message from 1003 for the piece 41
Peer 1003 requested for piece 5
[2020/12/12 00:52:38]: Peer 1001 received the ‘have’ message from 1003 for the piece 59
[2020/12/12 00:52:38]: Peer 1001 received the ‘have’ message from 1005 for the piece 26
Peer 1003 requested for piece 27
[2020/12/12 00:52:38]: Peer 1001 received the ‘have’ message from 1003 for the piece 5
Peer 1005 requested for piece 48
Peer 1003 requested for piece 33
[2020/12/12 00:52:38]: Peer 1001 received the ‘have’ message from 1005 for the piece 18
[2020/12/12 00:52:38]: Peer 1001 received the ‘have’ message from 1003 for the piece 27
Peer 1005 requested for piece 63
Peer 1003 requested for piece 45
[2020/12/12 00:52:38]: Peer 1001 received the ‘have’ message from 1005 for the piece 48
[2020/12/12 00:52:38]: Peer 1001 received the ‘have’ message from 1003 for the piece 33
Peer 1005 requested for piece 57
Peer 1003 requested for piece 13
[2020/12/12 00:52:38]: Peer 1001 received the ‘have’ message from 1005 for the piece 63
[2020/12/12 00:52:38]: Peer 1001 received the ‘have’ message from 1003 for the piece 45
Peer 1005 requested for piece 4
Peer 1003 requested for piece 11
[2020/12/12 00:52:38]: Peer 1001 received the ‘have’ message from 1005 for the piece 57
[2020/12/12 00:52:38]: Peer 1001 received the ‘have’ message from 1003 for the piece 13
Peer 1005 requested for piece 56
Peer 1003 requested for piece 30
[2020/12/12 00:52:38]: Peer 1001 received the ‘have’ message from 1005 for the piece 4
[2020/12/12 00:52:38]: Peer 1001 received the ‘have’ message from 1003 for the piece 11
Peer 1005 requested for piece 65
[2020/12/12 00:52:38]: Peer 1001 received the ‘have’ message from 1005 for the piece 56
[2020/12/12 00:52:38]: Peer 1001 received the ‘have’ message from 1009 for the piece 25
Peer 1003 requested for piece 60
[2020/12/12 00:52:38]: Peer 1001 received the ‘have’ message from 1003 for the piece 30
[2020/12/12 00:52:38]: Peer 1001 received the ‘have’ message from 1009 for the piece 16
[2020/12/12 00:52:38]: Peer 1001 received the ‘have’ message from 1009 for the piece 19
[2020/12/12 00:52:38]: Peer 1001 received the ‘have’ message from 1009 for the piece 39
[2020/12/12 00:52:38]: Peer 1001 received the ‘have’ message from 1009 for the piece 23
[2020/12/12 00:52:38]: Peer 1001 received the ‘have’ message from 1009 for the piece 33
[2020/12/12 00:52:38]: Peer 1001 received the ‘have’ message from 1009 for the piece 26
[2020/12/12 00:52:38]: Peer 1001 received the ‘have’ message from 1009 for the piece 64
[2020/12/12 00:52:38]: Peer 1001 received the ‘have’ message from 1009 for the piece 62
[2020/12/12 00:52:38]: Peer 1001 received the ‘have’ message from 1009 for the piece 67
Peer 1005 requested for piece 50
[2020/12/12 00:52:38]: Peer 1001 received the ‘have’ message from 1009 for the piece 65
[2020/12/12 00:52:38]: Peer 1001 received the ‘have’ message from 1009 for the piece 38
[2020/12/12 00:52:38]: Peer 1001 received the ‘have’ message from 1009 for the piece 42
[2020/12/12 00:52:38]: Peer 1001 received the ‘have’ message from 1005 for the piece 65
Peer 1003 requested for piece 65
[2020/12/12 00:52:38]: Peer 1001 received the ‘have’ message from 1003 for the piece 60
Peer 1003 requested for piece 20
[2020/12/12 00:52:38]: Peer 1001 received the ‘have’ message from 1003 for the piece 65
Peer 1003 requested for piece 6
[2020/12/12 00:52:38]: Peer 1001 received the ‘have’ message from 1003 for the piece 20
Peer 1003 requested for piece 25
[2020/12/12 00:52:38]: Peer 1001 received the ‘have’ message from 1003 for the piece 6
Peer 1003 requested for piece 34
[2020/12/12 00:52:38]: Peer 1001 received the ‘have’ message from 1003 for the piece 25
Peer 1003 requested for piece 63
[2020/12/12 00:52:38]: Peer 1001 received the ‘have’ message from 1003 for the piece 34
Peer 1005 requested for piece 6
[2020/12/12 00:52:38]: Peer 1001 received the ‘have’ message from 1005 for the piece 50
Peer 1005 requested for piece 66
Peer 1003 requested for piece 32
[2020/12/12 00:52:38]: Peer 1001 received the ‘have’ message from 1003 for the piece 63
[2020/12/12 00:52:38]: Peer 1001 received the ‘have’ message from 1004 for the piece 21
Connection completed for 1004
[2020/12/12 00:52:38]: Peer 1001 received the ‘have’ message from 1005 for the piece 6
Peer 1005 requested for piece 37
[2020/12/12 00:52:38]: Peer 1001 received the ‘have’ message from 1005 for the piece 66
[2020/12/12 00:52:38]: Peer 1001 received the ‘have’ message from 1009 for the piece 55
Peer 1003 requested for piece 23
[2020/12/12 00:52:38]: Peer 1001 received the ‘have’ message from 1003 for the piece 32
Peer 1003 requested for piece 46
[2020/12/12 00:52:38]: Peer 1001 received the ‘have’ message from 1003 for the piece 23
[2020/12/12 00:52:38]: Peer 1001 received the ‘have’ message from 1005 for the piece 37
Connection completed for 1005
[2020/12/12 00:52:38]: Peer 1001 received the ‘have’ message from 1009 for the piece 31
[2020/12/12 00:52:38]: Peer 1001 received the ‘have’ message from 1009 for the piece 46
[2020/12/12 00:52:38]: Peer 1001 received the ‘have’ message from 1009 for the piece 7
[2020/12/12 00:52:38]: Peer 1001 received the ‘have’ message from 1003 for the piece 46
Connection completed for 1003
[2020/12/12 00:52:38]: Peer 1001 received the ‘have’ message from 1009 for the piece 13
[2020/12/12 00:52:38]: Peer 1001 received the ‘have’ message from 1009 for the piece 22
[2020/12/12 00:52:38]: Peer 1001 received the ‘have’ message from 1009 for the piece 58
[2020/12/12 00:52:38]: Peer 1001 received the ‘have’ message from 1009 for the piece 24
[2020/12/12 00:52:38]: Peer 1001 received the ‘have’ message from 1009 for the piece 52
[2020/12/12 00:52:38]: Peer 1001 received the ‘have’ message from 1009 for the piece 29
[2020/12/12 00:52:38]: Peer 1001 received the ‘have’ message from 1009 for the piece 43
[2020/12/12 00:52:38]: Peer 1001 received the ‘have’ message from 1009 for the piece 36
[2020/12/12 00:52:38]: Peer 1001 received the ‘have’ message from 1009 for the piece 35
[2020/12/12 00:52:38]: Peer 1001 received the ‘have’ message from 1009 for the piece 3
[2020/12/12 00:52:38]: Peer 1001 received the ‘have’ message from 1009 for the piece 21
[2020/12/12 00:52:38]: Peer 1001 received the ‘have’ message from 1009 for the piece 56
[2020/12/12 00:52:38]: Peer 1001 received the ‘have’ message from 1009 for the piece 17
[2020/12/12 00:52:38]: Peer 1001 received the ‘have’ message from 1009 for the piece 5
[2020/12/12 00:52:38]: Peer 1001 received the ‘have’ message from 1009 for the piece 6
[2020/12/12 00:52:38]: Peer 1001 received the ‘have’ message from 1009 for the piece 1
[2020/12/12 00:52:38]: Peer 1001 received the ‘have’ message from 1009 for the piece 50
[2020/12/12 00:52:38]: Peer 1001 received the ‘have’ message from 1009 for the piece 14
[2020/12/12 00:52:38]: Peer 1001 received the ‘have’ message from 1009 for the piece 66
[2020/12/12 00:52:38]: Peer 1001 received the ‘have’ message from 1009 for the piece 12
[2020/12/12 00:52:38]: Peer 1001 received the ‘have’ message from 1009 for the piece 18
[2020/12/12 00:52:38]: Peer 1001 received the ‘have’ message from 1009 for the piece 10
[2020/12/12 00:52:38]: Peer 1001 received the ‘have’ message from 1009 for the piece 63
[2020/12/12 00:52:38]: Peer 1001 received the ‘have’ message from 1009 for the piece 60
[2020/12/12 00:52:38]: Peer 1001 received the ‘have’ message from 1009 for the piece 32
[2020/12/12 00:52:38]: Peer 1001 received the ‘have’ message from 1009 for the piece 49
[2020/12/12 00:52:38]: Peer 1001 received the ‘have’ message from 1009 for the piece 44
[2020/12/12 00:52:38]: Peer 1001 received the ‘have’ message from 1009 for the piece 40
[2020/12/12 00:52:38]: Peer 1001 received the ‘have’ message from 1009 for the piece 53
Connection completed for 1009
[2020/12/12 00:52:41]: Peer 1001 has the optimistically unchoked neighbor 1009
[2020/12/12 00:52:41]: Peer 1001 has the preferred neighbors 1007
Peer 1007 requested for piece 20
Peer 1007 requested for piece 23
[2020/12/12 00:52:41]: Peer 1001 received the ‘have’ message from 1007 for the piece 20
Peer 1007 requested for piece 52
[2020/12/12 00:52:41]: Peer 1001 received the ‘have’ message from 1007 for the piece 23
Peer 1007 requested for piece 18
[2020/12/12 00:52:41]: Peer 1001 received the ‘have’ message from 1007 for the piece 52
Peer 1007 requested for piece 41
[2020/12/12 00:52:41]: Peer 1001 received the ‘have’ message from 1007 for the piece 18
Peer 1007 requested for piece 53
[2020/12/12 00:52:41]: Peer 1001 received the ‘have’ message from 1007 for the piece 41
Peer 1007 requested for piece 9
[2020/12/12 00:52:41]: Peer 1001 received the ‘have’ message from 1007 for the piece 53
Peer 1007 requested for piece 39
[2020/12/12 00:52:41]: Peer 1001 received the ‘have’ message from 1007 for the piece 9
Peer 1007 requested for piece 60
[2020/12/12 00:52:41]: Peer 1001 received the ‘have’ message from 1007 for the piece 39
Peer 1007 requested for piece 29
[2020/12/12 00:52:41]: Peer 1001 received the ‘have’ message from 1007 for the piece 60
Peer 1007 requested for piece 42
[2020/12/12 00:52:41]: Peer 1001 received the ‘have’ message from 1007 for the piece 29
Peer 1007 requested for piece 50
[2020/12/12 00:52:41]: Peer 1001 received the ‘have’ message from 1007 for the piece 42
Peer 1007 requested for piece 22
[2020/12/12 00:52:41]: Peer 1001 received the ‘have’ message from 1007 for the piece 50
Peer 1007 requested for piece 64
[2020/12/12 00:52:41]: Peer 1001 received the ‘have’ message from 1007 for the piece 22
Peer 1007 requested for piece 6
[2020/12/12 00:52:41]: Peer 1001 received the ‘have’ message from 1007 for the piece 64
Peer 1007 requested for piece 51
[2020/12/12 00:52:41]: Peer 1001 received the ‘have’ message from 1007 for the piece 6
Peer 1007 requested for piece 27
[2020/12/12 00:52:41]: Peer 1001 received the ‘have’ message from 1007 for the piece 51
Peer 1007 requested for piece 2
[2020/12/12 00:52:41]: Peer 1001 received the ‘have’ message from 1007 for the piece 27
Peer 1007 requested for piece 8
[2020/12/12 00:52:41]: Peer 1001 received the ‘have’ message from 1007 for the piece 2
Peer 1007 requested for piece 26
[2020/12/12 00:52:41]: Peer 1001 received the ‘have’ message from 1007 for the piece 8
Peer 1007 requested for piece 57
[2020/12/12 00:52:41]: Peer 1001 received the ‘have’ message from 1007 for the piece 26
Peer 1007 requested for piece 33
[2020/12/12 00:52:41]: Peer 1001 received the ‘have’ message from 1007 for the piece 57
Peer 1007 requested for piece 62
[2020/12/12 00:52:41]: Peer 1001 received the ‘have’ message from 1007 for the piece 33
Peer 1007 requested for piece 61
[2020/12/12 00:52:41]: Peer 1001 received the ‘have’ message from 1007 for the piece 62
Peer 1007 requested for piece 30
[2020/12/12 00:52:41]: Peer 1001 received the ‘have’ message from 1007 for the piece 61
Peer 1007 requested for piece 66
[2020/12/12 00:52:41]: Peer 1001 received the ‘have’ message from 1007 for the piece 30
Peer 1007 requested for piece 28
[2020/12/12 00:52:41]: Peer 1001 received the ‘have’ message from 1007 for the piece 66
Peer 1007 requested for piece 40
[2020/12/12 00:52:41]: Peer 1001 received the ‘have’ message from 1007 for the piece 28
Peer 1007 requested for piece 45
[2020/12/12 00:52:41]: Peer 1001 received the ‘have’ message from 1007 for the piece 40
Peer 1007 requested for piece 1
[2020/12/12 00:52:42]: Peer 1001 received the ‘have’ message from 1007 for the piece 45
Peer 1007 requested for piece 16
[2020/12/12 00:52:42]: Peer 1001 received the ‘have’ message from 1007 for the piece 1
Peer 1007 requested for piece 59
[2020/12/12 00:52:42]: Peer 1001 received the ‘have’ message from 1007 for the piece 16
Peer 1007 requested for piece 12
[2020/12/12 00:52:42]: Peer 1001 received the ‘have’ message from 1007 for the piece 59
Peer 1007 requested for piece 44
[2020/12/12 00:52:42]: Peer 1001 received the ‘have’ message from 1007 for the piece 12
Peer 1007 requested for piece 5
[2020/12/12 00:52:42]: Peer 1001 received the ‘have’ message from 1007 for the piece 44
Peer 1007 requested for piece 49
[2020/12/12 00:52:42]: Peer 1001 received the ‘have’ message from 1007 for the piece 5
Peer 1007 requested for piece 54
[2020/12/12 00:52:42]: Peer 1001 received the ‘have’ message from 1007 for the piece 49
Peer 1007 requested for piece 17
[2020/12/12 00:52:42]: Peer 1001 received the ‘have’ message from 1007 for the piece 54
Peer 1007 requested for piece 56
[2020/12/12 00:52:42]: Peer 1001 received the ‘have’ message from 1007 for the piece 17
Peer 1007 requested for piece 13
[2020/12/12 00:52:42]: Peer 1001 received the ‘have’ message from 1007 for the piece 56
Peer 1007 requested for piece 19
[2020/12/12 00:52:42]: Peer 1001 received the ‘have’ message from 1007 for the piece 13
Peer 1007 requested for piece 35
[2020/12/12 00:52:42]: Peer 1001 received the ‘have’ message from 1007 for the piece 19
Peer 1007 requested for piece 67
[2020/12/12 00:52:42]: Peer 1001 received the ‘have’ message from 1007 for the piece 35
Peer 1007 requested for piece 11
[2020/12/12 00:52:42]: Peer 1001 received the ‘have’ message from 1007 for the piece 67
Peer 1007 requested for piece 3
[2020/12/12 00:52:42]: Peer 1001 received the ‘have’ message from 1007 for the piece 11
Peer 1007 requested for piece 25
[2020/12/12 00:52:42]: Peer 1001 received the ‘have’ message from 1007 for the piece 3
Peer 1007 requested for piece 34
[2020/12/12 00:52:42]: Peer 1001 received the ‘have’ message from 1007 for the piece 25
Peer 1007 requested for piece 38
[2020/12/12 00:52:42]: Peer 1001 received the ‘have’ message from 1007 for the piece 34
Peer 1007 requested for piece 46
[2020/12/12 00:52:42]: Peer 1001 received the ‘have’ message from 1007 for the piece 38
Peer 1007 requested for piece 47
[2020/12/12 00:52:42]: Peer 1001 received the ‘have’ message from 1007 for the piece 46
Peer 1007 requested for piece 4
[2020/12/12 00:52:42]: Peer 1001 received the ‘have’ message from 1007 for the piece 47
Peer 1007 requested for piece 63
[2020/12/12 00:52:42]: Peer 1001 received the ‘have’ message from 1007 for the piece 4
Peer 1007 requested for piece 10
[2020/12/12 00:52:42]: Peer 1001 received the ‘have’ message from 1007 for the piece 63
Peer 1007 requested for piece 55
[2020/12/12 00:52:42]: Peer 1001 received the ‘have’ message from 1007 for the piece 10
Peer 1007 requested for piece 32
[2020/12/12 00:52:42]: Peer 1001 received the ‘have’ message from 1007 for the piece 55
Peer 1007 requested for piece 48
[2020/12/12 00:52:42]: Peer 1001 received the ‘have’ message from 1007 for the piece 32
Peer 1007 requested for piece 15
[2020/12/12 00:52:42]: Peer 1001 received the ‘have’ message from 1007 for the piece 48
Peer 1007 requested for piece 43
[2020/12/12 00:52:42]: Peer 1001 received the ‘have’ message from 1007 for the piece 15
Peer 1007 requested for piece 37
[2020/12/12 00:52:42]: Peer 1001 received the ‘have’ message from 1007 for the piece 43
Peer 1007 requested for piece 21
[2020/12/12 00:52:42]: Peer 1001 received the ‘have’ message from 1007 for the piece 37
Peer 1007 requested for piece 58
[2020/12/12 00:52:42]: Peer 1001 received the ‘have’ message from 1007 for the piece 21
Peer 1007 requested for piece 31
[2020/12/12 00:52:42]: Peer 1001 received the ‘have’ message from 1007 for the piece 58
Peer 1007 requested for piece 36
[2020/12/12 00:52:42]: Peer 1001 received the ‘have’ message from 1007 for the piece 31
Peer 1007 requested for piece 7
[2020/12/12 00:52:42]: Peer 1001 received the ‘have’ message from 1007 for the piece 36
Peer 1007 requested for piece 65
[2020/12/12 00:52:42]: Peer 1001 received the ‘have’ message from 1007 for the piece 7
Peer 1007 requested for piece 14
[2020/12/12 00:52:42]: Peer 1001 received the ‘have’ message from 1007 for the piece 65
Peer 1007 requested for piece 24
[2020/12/12 00:52:42]: Peer 1001 received the ‘have’ message from 1007 for the piece 14
[2020/12/12 00:52:42]: Peer 1001 received the ‘have’ message from 1007 for the piece 24
Connection completed for 1007
System Exiting
